<?xml version="1.0" encoding="utf-8"?>
<TestRun id="8189b00f-dc69-4605-8baa-92c7148fcf9e" name="Admin@ANTENTYK-ASUS 2026-07-31 07:15:03" runUser="ANTENTYK-ASUS\Admin" xmlns="http://microsoft.com/schemas/VisualStudio/TeamTest/2010">
  <Times creation="2026-07-31T07:15:03.1663939+02:00" queuing="2026-07-31T07:15:03.1663941+02:00" start="2026-07-31T07:03:51.0646557+02:00" finish="2026-07-31T07:15:03.2022001+02:00" />
  <TestSettings name="default" id="67cf3913-980a-41aa-b6ae-441cf8fa1103">
    <Deployment runDeploymentRoot="Admin_ANTENTYK-ASUS_2026-07-31_07_15_03" />
  </TestSettings>
  <Results>
    <UnitTestResult executionId="1ee3db59-7d6f-4d12-b5db-157781717278" testId="41ffc86c-901a-4a7a-8c1d-af09a9ba3ead" testName="UninitializedSaveTest" computerName="ANTENTYK-ASUS" duration="00:11:00.3956200" startTime="2026-07-31T07:04:02.5010949+02:00" endTime="2026-07-31T07:15:02.8965457+02:00" testType="13cdc9d9-ddb5-4fa4-a97d-d965ccfc6d4b" outcome="Failed" testListId="8c84fa94-04c1-424b-9868-57a2d4851a1d" relativeResultsDirectory="1ee3db59-7d6f-4d12-b5db-157781717278">
      <Output>
        <StdOut>GetPair: Called by test PrototypeSaveTest.UninitializedSaveTest&#xD;
GetPair: Looking in pool for a suitable pair&#xD;
GetPair: Creating a new pair, no suitable pair found in pool&#xD;
CLIENT: 1,977s [DEBG] root: OS: Microsoft Windows 10.0.26100 X64&#xD;
CLIENT: 1,980s [DEBG] root: .NET Runtime: .NET 10.0.8 win-x64&#xD;
CLIENT: 1,981s [DEBG] root: Server GC: False&#xD;
CLIENT: 1,981s [DEBG] root: Processor: 16x AMD Ryzen 7 5700U with Radeon Graphics&#xD;
CLIENT: 1,981s [DEBG] root: Available Memory: 14,91 GiB&#xD;
CLIENT: 1,981s [DEBG] root: Architecture: X64&#xD;
CLIENT: 1,981s [DEBG] root: Robust Version: 270.1.0.0&#xD;
CLIENT: 1,981s [DEBG] root: Compile Options: DEVELOPMENT;TOOLS;DEBUG;CLIENT_SCRIPTING&#xD;
CLIENT: 1,981s [DEBG] root: Intrinsics: X86Aes;Avx;Avx2;Bmi1;Bmi2;Fma;Lzcnt;Pclmulqdq;Popcnt;Sse;Sse2;Sse3;Ssse3;Sse41;Sse42;X86Base&#xD;
CLIENT: 6,672s [DEBG] serialization: Skipping registering data definition for type Content.Goobstation.Shared.Blob.BlobTypedStorage`1[T] since it is abstract or an interface&#xD;
CLIENT: 6,691s [DEBG] serialization: Skipping registering data definition for type Content.Goobstation.Shared.Devil.BaseDevilContractEvent since it is abstract or an interface&#xD;
CLIENT: 6,718s [DEBG] serialization: Skipping registering data definition for type Content.Goobstation.Shared.Blob.BlobChemTypedStorage`1[T] since it is abstract or an interface&#xD;
CLIENT: 25.721s [DEBG] res.preload: Skipping texture preloading due to CVar value.&#xD;
CLIENT: 25.950s [INFO] szr: Serializer Types Hash: 95E749D8D96A30F2AD2A5B73BE2BD11BDEAFBBD97A3758F6BB0151A88879EE55&#xD;
CLIENT: 26.199s [WARN] proto: Registering an ignored prototype Content.Shared.Maps.GameMapPrototype&#xD;
CLIENT: 505.424s [INFO] client: Tickrate changed to: 30 on tick 1&#xD;
CLIENT: 505.426s [INFO] client: Tickrate changed to: 1 on tick 1&#xD;
CLIENT: 505.429s [DEBG] client: Runlevel changed to: Initialize&#xD;
CLIENT: 506.347s [DEBG] style: Initializing Stylesheets...&#xD;
CLIENT: 507.628s [DEBG] style: Initialized 765 style rules in 00:00:01.2800456&#xD;
CLIENT: 507.662s [DEBG] root: Switching to state Content.Client.MainMenu.MainScreen&#xD;
CLIENT: 507.688s [INFO] voiceclient: VoiceChatClientManager initialized with volume: 5, hear_self: False&#xD;
CLIENT: 507.689s [DEBG] voiceclient: Voice chat volume changed to 5&#xD;
CLIENT: 507.690s [DEBG] voiceclient: Voice chat hear_self changed to False&#xD;
CLIENT: 507.690s [INFO] voiceclient: VoiceChatClientManager initialized&#xD;
CLIENT: 512.481s [DEBG] clyde: Tile atlas took 00:00:04.7843803 to build&#xD;
SERVER: 513,956s [INFO] srv: Timescale changed to: 1 on tick 1&#xD;
SERVER: 513,957s [INFO] srv: Name: MyServer&#xD;
SERVER: 513,958s [INFO] srv: TickRate: 30(33,33ms)&#xD;
SERVER: 513,958s [INFO] srv: Max players: 256&#xD;
SERVER: 514,399s [INFO] szr: Serializer Types Hash: 95E749D8D96A30F2AD2A5B73BE2BD11BDEAFBBD97A3758F6BB0151A88879EE55&#xD;
SERVER: 514,683s [INFO] configpreset: Loaded config preset: "/ConfigPresets/Build/debug.toml"&#xD;
SERVER: 519.892s [WARN] db.ef: The migration operation 'PRAGMA foreign_keys = 0;&#xD;
' from migration 'AdminLogs' cannot be executed in a transaction. If the app is terminated or an unrecoverable error occurs while this operation is being executed then the migration will be left in a partially applied state and would need to be reverted manually before it can be applied again. Create a separate migration that contains just this operation.&#xD;
SERVER: 520.026s [WARN] db.ef: The migration operation 'PRAGMA foreign_keys = 0;&#xD;
' from migration 'Cleanup' cannot be executed in a transaction. If the app is terminated or an unrecoverable error occurs while this operation is being executed then the migration will be left in a partially applied state and would need to be reverted manually before it can be applied again. Create a separate migration that contains just this operation.&#xD;
SERVER: 520.083s [WARN] db.ef: The migration operation 'PRAGMA foreign_keys = 0;&#xD;
' from migration 'ServerNameFts' cannot be executed in a transaction. If the app is terminated or an unrecoverable error occurs while this operation is being executed then the migration will be left in a partially applied state and would need to be reverted manually before it can be applied again. Create a separate migration that contains just this operation.&#xD;
SERVER: 520.188s [WARN] db.ef: The migration operation 'PRAGMA foreign_keys = 0;&#xD;
' from migration 'MarkingsJsonb' cannot be executed in a transaction. If the app is terminated or an unrecoverable error occurs while this operation is being executed then the migration will be left in a partially applied state and would need to be reverted manually before it can be applied again. Create a separate migration that contains just this operation.&#xD;
SERVER: 520.373s [WARN] db.ef: An operation of type 'UpdateDataOperation' will be attempted while a rebuild of table 'admin_notes' is pending. The database may not be in an expected state. Review the SQL generated by this migration to help diagnose any failures. Consider moving these operations to a subsequent migration.&#xD;
SERVER: 520.385s [WARN] db.ef: The migration operation 'PRAGMA foreign_keys = 0;&#xD;
' from migration 'AdminNotesImprovement' cannot be executed in a transaction. If the app is terminated or an unrecoverable error occurs while this operation is being executed then the migration will be left in a partially applied state and would need to be reverted manually before it can be applied again. Create a separate migration that contains just this operation.&#xD;
SERVER: 520.449s [WARN] db.ef: The migration operation 'PRAGMA foreign_keys = 0;&#xD;
' from migration 'AdminNotesImprovementsForeignKeys' cannot be executed in a transaction. If the app is terminated or an unrecoverable error occurs while this operation is being executed then the migration will be left in a partially applied state and would need to be reverted manually before it can be applied again. Create a separate migration that contains just this operation.&#xD;
SERVER: 520.616s [WARN] db.ef: The migration operation 'PRAGMA foreign_keys = 0;&#xD;
' from migration 'ConnectionLogServer' cannot be executed in a transaction. If the app is terminated or an unrecoverable error occurs while this operation is being executed then the migration will be left in a partially applied state and would need to be reverted manually before it can be applied again. Create a separate migration that contains just this operation.&#xD;
SERVER: 520.667s [WARN] db.ef: The migration operation 'PRAGMA foreign_keys = 0;&#xD;
' from migration 'AdminLogPk' cannot be executed in a transaction. If the app is terminated or an unrecoverable error occurs while this operation is being executed then the migration will be left in a partially applied state and would need to be reverted manually before it can be applied again. Create a separate migration that contains just this operation.&#xD;
SERVER: 520.800s [WARN] db.ef: The migration operation 'PRAGMA foreign_keys = 0;&#xD;
' from migration 'ClothingRemoval' cannot be executed in a transaction. If the app is terminated or an unrecoverable error occurs while this operation is being executed then the migration will be left in a partially applied state and would need to be reverted manually before it can be applied again. Create a separate migration that contains just this operation.&#xD;
SERVER: 520.850s [WARN] db.ef: The migration operation 'PRAGMA foreign_keys = 0;&#xD;
' from migration 'AdminMessageDismiss' cannot be executed in a transaction. If the app is terminated or an unrecoverable error occurs while this operation is being executed then the migration will be left in a partially applied state and would need to be reverted manually before it can be applied again. Create a separate migration that contains just this operation.&#xD;
SERVER: 522.127s [WARN] db.ef: The migration operation 'PRAGMA foreign_keys = 0;&#xD;
' from migration 'TestFixMigration' cannot be executed in a transaction. If the app is terminated or an unrecoverable error occurs while this operation is being executed then the migration will be left in a partially applied state and would need to be reverted manually before it can be applied again. Create a separate migration that contains just this operation.&#xD;
SERVER: 523.065s [WARN] db.ef: The migration operation 'PRAGMA foreign_keys = 0;&#xD;
' from migration 'BanRefactor' cannot be executed in a transaction. If the app is terminated or an unrecoverable error occurs while this operation is being executed then the migration will be left in a partially applied state and would need to be reverted manually before it can be applied again. Create a separate migration that contains just this operation.&#xD;
SERVER: 523.810s [INFO] voiceserver: VoiceChatServerManager initialized&#xD;
SERVER: 585.280s [WARN] loc: Unknown messageId ("uk-UA"): "shadowkin-power-max"&#xD;
SERVER: 585.281s [WARN] loc: Unknown messageId ("uk-UA"): "shadowkin-power-great"&#xD;
SERVER: 585.281s [WARN] loc: Unknown messageId ("uk-UA"): "shadowkin-power-good"&#xD;
SERVER: 585.281s [WARN] loc: Unknown messageId ("uk-UA"): "shadowkin-power-okay"&#xD;
SERVER: 585.281s [WARN] loc: Unknown messageId ("uk-UA"): "shadowkin-power-tired"&#xD;
SERVER: 585.281s [WARN] loc: Unknown messageId ("uk-UA"): "shadowkin-power-min"&#xD;
SERVER: 588.486s [WARN] loc: Unknown messageId ("uk-UA"): "drowsiness"&#xD;
SERVER: 588.491s [WARN] loc: Unknown messageId ("uk-UA"): "owoaccent"&#xD;
SERVER: 588.504s [WARN] loc: Unknown messageId ("uk-UA"): "hallucinations"&#xD;
SERVER: 588.508s [WARN] loc: Unknown messageId ("uk-UA"): "stunned"&#xD;
SERVER: 588.509s [WARN] loc: Unknown messageId ("uk-UA"): "entity-effect-guidebook-knockdown"&#xD;
SERVER: 588.512s [WARN] loc: Unknown messageId ("uk-UA"): "drowsiness"&#xD;
SERVER: 588.512s [WARN] loc: Unknown messageId ("uk-UA"): "hallucinations"&#xD;
SERVER: 588.529s [WARN] loc: Unknown messageId ("uk-UA"): "ехо відьми"&#xD;
SERVER: 588.529s [WARN] loc: Unknown messageId ("uk-UA"): "drowsiness"&#xD;
SERVER: 588.529s [WARN] loc: Unknown messageId ("uk-UA"): "hallucinations"&#xD;
SERVER: 588.530s [WARN] loc: Unknown messageId ("uk-UA"): "drowsiness"&#xD;
SERVER: 588.543s [WARN] loc: Unknown messageId ("uk-UA"): "1.5x max stamina"&#xD;
SERVER: 588.543s [WARN] loc: Unknown messageId ("uk-UA"): "stunned"&#xD;
SERVER: 588.543s [WARN] loc: Unknown messageId ("uk-UA"): "entity-effect-guidebook-knockdown"&#xD;
SERVER: 588.543s [WARN] loc: Unknown messageId ("uk-UA"): "forced sleep"&#xD;
SERVER: 588.543s [WARN] loc: Unknown messageId ("uk-UA"): "drowsiness"&#xD;
SERVER: 588.550s [WARN] loc: Unknown messageId ("uk-UA"): "entity-effect-status-effect-Dementia"&#xD;
SERVER: 588.558s [WARN] loc: Unknown messageId ("uk-UA"): "drowsiness"&#xD;
SERVER: 588.560s [WARN] loc: Unknown messageId ("uk-UA"): "hallucinations"&#xD;
SERVER: 588.560s [WARN] loc: Unknown messageId ("uk-UA"): "hemorrhage"&#xD;
SERVER: 588.562s [WARN] loc: Unknown messageId ("uk-UA"): "scrambled"&#xD;
SERVER: 588.562s [WARN] loc: Unknown messageId ("uk-UA"): "woozy"&#xD;
SERVER: 588.562s [WARN] loc: Unknown messageId ("uk-UA"): "entity-effect-status-effect-PsionicallyInsulated"&#xD;
SERVER: 588.562s [WARN] loc: Unknown messageId ("uk-UA"): "entity-effect-status-effect-PsionicsDisabled"&#xD;
SERVER: 588.588s [WARN] loc: Unknown messageId ("uk-UA"): "entity-effect-status-effect-Centered"&#xD;
SERVER: 588.590s [WARN] loc: Unknown messageId ("uk-UA"): "hallucinations"&#xD;
SERVER: 588.590s [WARN] loc: Unknown messageId ("uk-UA"): "stunned"&#xD;
SERVER: 588.591s [WARN] loc: Unknown messageId ("uk-UA"): "тінь душі"&#xD;
SERVER: 588.605s [WARN] loc: Unknown messageId ("uk-UA"): "лють"&#xD;
SERVER: 588.606s [WARN] loc: Unknown messageId ("uk-UA"): "hallucinations"&#xD;
SERVER: 588.606s [WARN] loc: Unknown messageId ("uk-UA"): "drowsiness"&#xD;
SERVER: 588.606s [WARN] loc: Unknown messageId ("uk-UA"): "drowsiness"&#xD;
SERVER: 588.607s [WARN] loc: Unknown messageId ("uk-UA"): "thin blood"&#xD;
SERVER: 588.608s [WARN] loc: Unknown messageId ("uk-UA"): "бульбашковий газ"&#xD;
SERVER: 588.619s [WARN] loc: Unknown messageId ("uk-UA"): "entity-effect-status-effect-DemonsBlood"&#xD;
SERVER: 588.620s [WARN] loc: Unknown messageId ("uk-UA"): "каталізатор"&#xD;
SERVER: 588.624s [WARN] loc: Unknown messageId ("uk-UA"): "hallucinations"&#xD;
SERVER: 588.626s [WARN] loc: Unknown messageId ("uk-UA"): "hallucinations"&#xD;
SERVER: 588.634s [WARN] loc: Unknown messageId ("uk-UA"): "hallucinations"&#xD;
SERVER: 588.634s [WARN] loc: Unknown messageId ("uk-UA"): "чорна жовч"&#xD;
SERVER: 588.634s [WARN] loc: Unknown messageId ("uk-UA"): "drowsiness"&#xD;
SERVER: 588.634s [WARN] loc: Unknown messageId ("uk-UA"): "прокльон дзеркала"&#xD;
SERVER: 588.635s [WARN] loc: Unknown messageId ("uk-UA"): "2x max stamina"&#xD;
SERVER: 588.635s [WARN] loc: Unknown messageId ("uk-UA"): "pain numbness"&#xD;
SERVER: 588.635s [WARN] loc: Unknown messageId ("uk-UA"): "drowsiness"&#xD;
SERVER: 588.635s [WARN] loc: Unknown messageId ("uk-UA"): "triclor slowdown"&#xD;
SERVER: 588.635s [WARN] loc: Unknown messageId ("uk-UA"): "слід клоуна"&#xD;
SERVER: 588.636s [WARN] loc: Unknown messageId ("uk-UA"): "drowsiness"&#xD;
SERVER: 588.649s [WARN] loc: Unknown messageId ("uk-UA"): "stunned"&#xD;
SERVER: 588.649s [WARN] loc: Unknown messageId ("uk-UA"): "entity-effect-guidebook-knockdown"&#xD;
SERVER: 588.650s [WARN] loc: Unknown messageId ("uk-UA"): "hallucinations"&#xD;
SERVER: 588.650s [WARN] loc: Unknown messageId ("uk-UA"): "drowsiness"&#xD;
SERVER: 588.651s [WARN] loc: Unknown messageId ("uk-UA"): "stunned"&#xD;
SERVER: 588.651s [WARN] loc: Unknown messageId ("uk-UA"): "еліксир Магнуса"&#xD;
SERVER: 588.652s [WARN] loc: Unknown messageId ("uk-UA"): "скам'яніння"&#xD;
SERVER: 588.652s [WARN] loc: Unknown messageId ("uk-UA"): "закоханість відьми"&#xD;
SERVER: 588.653s [WARN] loc: Unknown messageId ("uk-UA"): "анти-магічний бар'єр"&#xD;
SERVER: 588.653s [WARN] loc: Unknown messageId ("uk-UA"): "hallucinations"&#xD;
SERVER: 588.655s [WARN] loc: Unknown messageId ("uk-UA"): "азотна есенція"&#xD;
SERVER: 588.666s [WARN] loc: Unknown messageId ("uk-UA"): "forced sleep"&#xD;
SERVER: 588.687s [WARN] loc: Unknown messageId ("uk-UA"): "зілля голоду"&#xD;
SERVER: 588.687s [WARN] loc: Unknown messageId ("uk-UA"): "купорос душі"&#xD;
SERVER: 588.687s [WARN] loc: Unknown messageId ("uk-UA"): "entity-effect-status-effect-CorticalBorerProtection"&#xD;
SERVER: 588.690s [WARN] loc: Unknown messageId ("uk-UA"): "невидимість відьми"&#xD;
SERVER: 588.695s [WARN] loc: Unknown messageId ("uk-UA"): "drowsiness"&#xD;
SERVER: 588.697s [WARN] loc: Unknown messageId ("uk-UA"): "entity-effect-status-effect-Vulgarity"&#xD;
SERVER: 588.697s [WARN] loc: Unknown messageId ("uk-UA"): "drowsiness"&#xD;
SERVER: 588.711s [WARN] loc: Unknown messageId ("uk-UA"): "параноя"&#xD;
SERVER: 588.712s [WARN] loc: Unknown messageId ("uk-UA"): "кров'яний зв'язок"&#xD;
SERVER: 588.727s [WARN] loc: Unknown messageId ("uk-UA"): "drowsiness"&#xD;
SERVER: 588.729s [WARN] loc: Unknown messageId ("uk-UA"): "forced sleep"&#xD;
SERVER: 588.729s [WARN] loc: Unknown messageId ("uk-UA"): "hallucinations"&#xD;
SERVER: 588.729s [WARN] loc: Unknown messageId ("uk-UA"): "lotophagoi oil effect"&#xD;
SERVER: 588.729s [WARN] loc: Unknown messageId ("uk-UA"): "drowsiness"&#xD;
SERVER: 588.742s [WARN] loc: Unknown messageId ("uk-UA"): "сік мімічності"&#xD;
SERVER: 588.744s [WARN] loc: Unknown messageId ("uk-UA"): "drowsiness"&#xD;
SERVER: 588.746s [WARN] loc: Unknown messageId ("uk-UA"): "туман розуму"&#xD;
SERVER: 588.747s [WARN] loc: Unknown messageId ("uk-UA"): "drowsiness"&#xD;
SERVER: 588.761s [WARN] loc: Unknown messageId ("uk-UA"): "drowsiness"&#xD;
SERVER: 588.764s [WARN] loc: Unknown messageId ("uk-UA"): "forced sleep"&#xD;
SERVER: 588.773s [WARN] loc: Unknown messageId ("uk-UA"): "barkaccent"&#xD;
SERVER: 588.774s [WARN] loc: Unknown messageId ("uk-UA"): "stunned"&#xD;
SERVER: 588.774s [WARN] loc: Unknown messageId ("uk-UA"): "entity-effect-status-effect-StaminaModifierStatusEffect"&#xD;
SERVER: 588.775s [WARN] loc: Unknown messageId ("uk-UA"): "hallucinations"&#xD;
SERVER: 588.775s [WARN] loc: Unknown messageId ("uk-UA"): "drunk"&#xD;
SERVER: 588.777s [WARN] loc: Unknown messageId ("uk-UA"): "entity-effect-status-effect-DemonsKiss"&#xD;
SERVER: 588.777s [WARN] loc: Unknown messageId ("uk-UA"): "drunk"&#xD;
SERVER: 588.790s [WARN] loc: Unknown messageId ("uk-UA"): "прокльон імені"&#xD;
SERVER: 588.792s [WARN] loc: Unknown messageId ("uk-UA"): "stunned"&#xD;
SERVER: 588.793s [WARN] loc: Unknown messageId ("uk-UA"): "hallucinations"&#xD;
SERVER: 588.796s [WARN] loc: Unknown messageId ("uk-UA"): "stunned"&#xD;
SERVER: 588.796s [WARN] loc: Unknown messageId ("uk-UA"): "entity-effect-guidebook-knockdown"&#xD;
SERVER: 588.796s [WARN] loc: Unknown messageId ("uk-UA"): "drowsiness"&#xD;
SERVER: 588.806s [WARN] loc: Unknown messageId ("uk-UA"): "drowsiness"&#xD;
SERVER: 588.807s [WARN] loc: Unknown messageId ("uk-UA"): "hallucinations"&#xD;
SERVER: 588.807s [WARN] loc: Unknown messageId ("uk-UA"): "зілля гравітації"&#xD;
SERVER: 588.819s [WARN] loc: Unknown messageId ("uk-UA"): "burning immunity"&#xD;
SERVER: 588.819s [WARN] loc: Unknown messageId ("uk-UA"): "ash storm immunity"&#xD;
SERVER: 588.821s [WARN] loc: Unknown messageId ("uk-UA"): "scrambled"&#xD;
SERVER: 588.821s [WARN] loc: Unknown messageId ("uk-UA"): "stunned"&#xD;
SERVER: 588.821s [WARN] loc: Unknown messageId ("uk-UA"): "forced sleep"&#xD;
SERVER: 588.821s [WARN] loc: Unknown messageId ("uk-UA"): "drowsiness"&#xD;
SERVER: 588.823s [WARN] loc: Unknown messageId ("uk-UA"): "drowsiness"&#xD;
SERVER: 588.824s [WARN] loc: Unknown messageId ("uk-UA"): "hallucinations"&#xD;
SERVER: 588.834s [WARN] loc: Unknown messageId ("uk-UA"): "заміщення"&#xD;
SERVER: 588.836s [WARN] loc: Unknown messageId ("uk-UA"): "drowsiness"&#xD;
SERVER: 588.836s [WARN] loc: Unknown messageId ("uk-UA"): "drowsiness"&#xD;
SERVER: 588.852s [WARN] loc: Unknown messageId ("uk-UA"): "hallucinations"&#xD;
SERVER: 590.542s [WARN] loc: Unknown messageId ("uk-UA"): "drowsiness"&#xD;
SERVER: 590.543s [WARN] loc: Unknown messageId ("uk-UA"): "owoaccent"&#xD;
SERVER: 590.544s [WARN] loc: Unknown messageId ("uk-UA"): "hallucinations"&#xD;
SERVER: 590.545s [WARN] loc: Unknown messageId ("uk-UA"): "stunned"&#xD;
SERVER: 590.545s [WARN] loc: Unknown messageId ("uk-UA"): "entity-effect-guidebook-knockdown"&#xD;
SERVER: 590.546s [WARN] loc: Unknown messageId ("uk-UA"): "drowsiness"&#xD;
SERVER: 590.546s [WARN] loc: Unknown messageId ("uk-UA"): "hallucinations"&#xD;
SERVER: 590.547s [WARN] loc: Unknown messageId ("uk-UA"): "ехо відьми"&#xD;
SERVER: 590.547s [WARN] loc: Unknown messageId ("uk-UA"): "drowsiness"&#xD;
SERVER: 590.547s [WARN] loc: Unknown messageId ("uk-UA"): "hallucinations"&#xD;
SERVER: 590.547s [WARN] loc: Unknown messageId ("uk-UA"): "drowsiness"&#xD;
SERVER: 590.557s [WARN] loc: Unknown messageId ("uk-UA"): "1.5x max stamina"&#xD;
SERVER: 590.557s [WARN] loc: Unknown messageId ("uk-UA"): "stunned"&#xD;
SERVER: 590.557s [WARN] loc: Unknown messageId ("uk-UA"): "entity-effect-guidebook-knockdown"&#xD;
SERVER: 590.557s [WARN] loc: Unknown messageId ("uk-UA"): "forced sleep"&#xD;
SERVER: 590.557s [WARN] loc: Unknown messageId ("uk-UA"): "drowsiness"&#xD;
SERVER: 590.559s [WARN] loc: Unknown messageId ("uk-UA"): "entity-effect-status-effect-Dementia"&#xD;
SERVER: 590.560s [WARN] loc: Unknown messageId ("uk-UA"): "drowsiness"&#xD;
SERVER: 590.562s [WARN] loc: Unknown messageId ("uk-UA"): "hallucinations"&#xD;
SERVER: 590.562s [WARN] loc: Unknown messageId ("uk-UA"): "hemorrhage"&#xD;
SERVER: 590.562s [WARN] loc: Unknown messageId ("uk-UA"): "scrambled"&#xD;
SERVER: 590.562s [WARN] loc: Unknown messageId ("uk-UA"): "woozy"&#xD;
SERVER: 590.562s [WARN] loc: Unknown messageId ("uk-UA"): "entity-effect-status-effect-PsionicallyInsulated"&#xD;
SERVER: 590.562s [WARN] loc: Unknown messageId ("uk-UA"): "entity-effect-status-effect-PsionicsDisabled"&#xD;
SERVER: 590.563s [WARN] loc: Unknown messageId ("uk-UA"): "entity-effect-status-effect-Centered"&#xD;
SERVER: 590.563s [WARN] loc: Unknown messageId ("uk-UA"): "hallucinations"&#xD;
SERVER: 590.563s [WARN] loc: Unknown messageId ("uk-UA"): "stunned"&#xD;
SERVER: 590.564s [WARN] loc: Unknown messageId ("uk-UA"): "тінь душі"&#xD;
SERVER: 590.566s [WARN] loc: Unknown messageId ("uk-UA"): "лють"&#xD;
SERVER: 590.566s [WARN] loc: Unknown messageId ("uk-UA"): "hallucinations"&#xD;
SERVER: 590.566s [WARN] loc: Unknown messageId ("uk-UA"): "drowsiness"&#xD;
SERVER: 590.567s [WARN] loc: Unknown messageId ("uk-UA"): "drowsiness"&#xD;
SERVER: 590.567s [WARN] loc: Unknown messageId ("uk-UA"): "thin blood"&#xD;
SERVER: 590.568s [WARN] loc: Unknown messageId ("uk-UA"): "бульбашковий газ"&#xD;
SERVER: 590.568s [WARN] loc: Unknown messageId ("uk-UA"): "entity-effect-status-effect-DemonsBlood"&#xD;
SERVER: 590.569s [WARN] loc: Unknown messageId ("uk-UA"): "каталізатор"&#xD;
SERVER: 590.571s [WARN] loc: Unknown messageId ("uk-UA"): "hallucinations"&#xD;
SERVER: 590.572s [WARN] loc: Unknown messageId ("uk-UA"): "hallucinations"&#xD;
SERVER: 590.572s [WARN] loc: Unknown messageId ("uk-UA"): "hallucinations"&#xD;
SERVER: 590.573s [WARN] loc: Unknown messageId ("uk-UA"): "чорна жовч"&#xD;
SERVER: 590.579s [WARN] loc: Unknown messageId ("uk-UA"): "drowsiness"&#xD;
SERVER: 590.579s [WARN] loc: Unknown messageId ("uk-UA"): "прокльон дзеркала"&#xD;
SERVER: 590.579s [WARN] loc: Unknown messageId ("uk-UA"): "2x max stamina"&#xD;
SERVER: 590.580s [WARN] loc: Unknown messageId ("uk-UA"): "pain numbness"&#xD;
SERVER: 590.580s [WARN] loc: Unknown messageId ("uk-UA"): "drowsiness"&#xD;
SERVER: 590.580s [WARN] loc: Unknown messageId ("uk-UA"): "triclor slowdown"&#xD;
SERVER: 590.580s [WARN] loc: Unknown messageId ("uk-UA"): "слід клоуна"&#xD;
SERVER: 590.582s [WARN] loc: Unknown messageId ("uk-UA"): "drowsiness"&#xD;
SERVER: 590.583s [WARN] loc: Unknown messageId ("uk-UA"): "stunned"&#xD;
SERVER: 590.583s [WARN] loc: Unknown messageId ("uk-UA"): "entity-effect-guidebook-knockdown"&#xD;
SERVER: 590.583s [WARN] loc: Unknown messageId ("uk-UA"): "hallucinations"&#xD;
SERVER: 590.584s [WARN] loc: Unknown messageId ("uk-UA"): "drowsiness"&#xD;
SERVER: 590.584s [WARN] loc: Unknown messageId ("uk-UA"): "stunned"&#xD;
SERVER: 590.584s [WARN] loc: Unknown messageId ("uk-UA"): "еліксир Магнуса"&#xD;
SERVER: 590.584s [WARN] loc: Unknown messageId ("uk-UA"): "скам'яніння"&#xD;
SERVER: 590.584s [WARN] loc: Unknown messageId ("uk-UA"): "закоханість відьми"&#xD;
SERVER: 590.585s [WARN] loc: Unknown messageId ("uk-UA"): "анти-магічний бар'єр"&#xD;
SERVER: 590.585s [WARN] loc: Unknown messageId ("uk-UA"): "hallucinations"&#xD;
SERVER: 590.586s [WARN] loc: Unknown messageId ("uk-UA"): "азотна есенція"&#xD;
SERVER: 590.598s [WARN] loc: Unknown messageId ("uk-UA"): "forced sleep"&#xD;
SERVER: 590.599s [WARN] loc: Unknown messageId ("uk-UA"): "зілля голоду"&#xD;
SERVER: 590.599s [WARN] loc: Unknown messageId ("uk-UA"): "купорос душі"&#xD;
SERVER: 590.599s [WARN] loc: Unknown messageId ("uk-UA"): "entity-effect-status-effect-CorticalBorerProtection"&#xD;
SERVER: 590.600s [WARN] loc: Unknown messageId ("uk-UA"): "невидимість відьми"&#xD;
SERVER: 590.601s [WARN] loc: Unknown messageId ("uk-UA"): "drowsiness"&#xD;
SERVER: 590.602s [WARN] loc: Unknown messageId ("uk-UA"): "entity-effect-status-effect-Vulgarity"&#xD;
SERVER: 590.602s [WARN] loc: Unknown messageId ("uk-UA"): "drowsiness"&#xD;
SERVER: 590.604s [WARN] loc: Unknown messageId ("uk-UA"): "параноя"&#xD;
SERVER: 590.605s [WARN] loc: Unknown messageId ("uk-UA"): "кров'яний зв'язок"&#xD;
SERVER: 590.607s [WARN] loc: Unknown messageId ("uk-UA"): "drowsiness"&#xD;
SERVER: 590.608s [WARN] loc: Unknown messageId ("uk-UA"): "forced sleep"&#xD;
SERVER: 590.610s [WARN] loc: Unknown messageId ("uk-UA"): "hallucinations"&#xD;
SERVER: 590.610s [WARN] loc: Unknown messageId ("uk-UA"): "lotophagoi oil effect"&#xD;
SERVER: 590.610s [WARN] loc: Unknown messageId ("uk-UA"): "drowsiness"&#xD;
SERVER: 590.612s [WARN] loc: Unknown messageId ("uk-UA"): "сік мімічності"&#xD;
SERVER: 590.613s [WARN] loc: Unknown messageId ("uk-UA"): "drowsiness"&#xD;
SERVER: 590.614s [WARN] loc: Unknown messageId ("uk-UA"): "туман розуму"&#xD;
SERVER: 590.614s [WARN] loc: Unknown messageId ("uk-UA"): "drowsiness"&#xD;
SERVER: 590.619s [WARN] loc: Unknown messageId ("uk-UA"): "drowsiness"&#xD;
SERVER: 590.620s [WARN] loc: Unknown messageId ("uk-UA"): "forced sleep"&#xD;
SERVER: 590.620s [WARN] loc: Unknown messageId ("uk-UA"): "barkaccent"&#xD;
SERVER: 590.621s [WARN] loc: Unknown messageId ("uk-UA"): "stunned"&#xD;
SERVER: 590.621s [WARN] loc: Unknown messageId ("uk-UA"): "entity-effect-status-effect-StaminaModifierStatusEffect"&#xD;
SERVER: 590.621s [WARN] loc: Unknown messageId ("uk-UA"): "hallucinations"&#xD;
SERVER: 590.621s [WARN] loc: Unknown messageId ("uk-UA"): "drunk"&#xD;
SERVER: 590.622s [WARN] loc: Unknown messageId ("uk-UA"): "entity-effect-status-effect-DemonsKiss"&#xD;
SERVER: 590.622s [WARN] loc: Unknown messageId ("uk-UA"): "drunk"&#xD;
SERVER: 590.623s [WARN] loc: Unknown messageId ("uk-UA"): "прокльон імені"&#xD;
SERVER: 590.623s [WARN] loc: Unknown messageId ("uk-UA"): "stunned"&#xD;
SERVER: 590.624s [WARN] loc: Unknown messageId ("uk-UA"): "hallucinations"&#xD;
SERVER: 590.625s [WARN] loc: Unknown messageId ("uk-UA"): "stunned"&#xD;
SERVER: 590.625s [WARN] loc: Unknown messageId ("uk-UA"): "entity-effect-guidebook-knockdown"&#xD;
SERVER: 590.625s [WARN] loc: Unknown messageId ("uk-UA"): "drowsiness"&#xD;
SERVER: 590.629s [WARN] loc: Unknown messageId ("uk-UA"): "drowsiness"&#xD;
SERVER: 590.630s [WARN] loc: Unknown messageId ("uk-UA"): "hallucinations"&#xD;
SERVER: 590.631s [WARN] loc: Unknown messageId ("uk-UA"): "зілля гравітації"&#xD;
SERVER: 590.631s [WARN] loc: Unknown messageId ("uk-UA"): "burning immunity"&#xD;
SERVER: 590.631s [WARN] loc: Unknown messageId ("uk-UA"): "ash storm immunity"&#xD;
SERVER: 590.632s [WARN] loc: Unknown messageId ("uk-UA"): "scrambled"&#xD;
SERVER: 590.633s [WARN] loc: Unknown messageId ("uk-UA"): "stunned"&#xD;
SERVER: 590.633s [WARN] loc: Unknown messageId ("uk-UA"): "forced sleep"&#xD;
SERVER: 590.633s [WARN] loc: Unknown messageId ("uk-UA"): "drowsiness"&#xD;
SERVER: 590.633s [WARN] loc: Unknown messageId ("uk-UA"): "drowsiness"&#xD;
SERVER: 590.634s [WARN] loc: Unknown messageId ("uk-UA"): "hallucinations"&#xD;
SERVER: 590.636s [WARN] loc: Unknown messageId ("uk-UA"): "заміщення"&#xD;
SERVER: 590.637s [WARN] loc: Unknown messageId ("uk-UA"): "drowsiness"&#xD;
SERVER: 590.638s [WARN] loc: Unknown messageId ("uk-UA"): "drowsiness"&#xD;
SERVER: 590.640s [WARN] loc: Unknown messageId ("uk-UA"): "hallucinations"&#xD;
SERVER: 590.642s [WARN] loc: Unknown messageId ("uk-UA"): "drowsiness"&#xD;
SERVER: 590.643s [WARN] loc: Unknown messageId ("uk-UA"): "owoaccent"&#xD;
SERVER: 590.644s [WARN] loc: Unknown messageId ("uk-UA"): "hallucinations"&#xD;
SERVER: 590.646s [WARN] loc: Unknown messageId ("uk-UA"): "stunned"&#xD;
SERVER: 590.646s [WARN] loc: Unknown messageId ("uk-UA"): "entity-effect-guidebook-knockdown"&#xD;
SERVER: 590.647s [WARN] loc: Unknown messageId ("uk-UA"): "drowsiness"&#xD;
SERVER: 590.647s [WARN] loc: Unknown messageId ("uk-UA"): "hallucinations"&#xD;
SERVER: 590.649s [WARN] loc: Unknown messageId ("uk-UA"): "ехо відьми"&#xD;
SERVER: 590.649s [WARN] loc: Unknown messageId ("uk-UA"): "drowsiness"&#xD;
SERVER: 590.649s [WARN] loc: Unknown messageId ("uk-UA"): "hallucinations"&#xD;
SERVER: 590.649s [WARN] loc: Unknown messageId ("uk-UA"): "drowsiness"&#xD;
SERVER: 590.651s [WARN] loc: Unknown messageId ("uk-UA"): "1.5x max stamina"&#xD;
SERVER: 590.651s [WARN] loc: Unknown messageId ("uk-UA"): "stunned"&#xD;
SERVER: 590.651s [WARN] loc: Unknown messageId ("uk-UA"): "entity-effect-guidebook-knockdown"&#xD;
SERVER: 590.651s [WARN] loc: Unknown messageId ("uk-UA"): "forced sleep"&#xD;
SERVER: 590.652s [WARN] loc: Unknown messageId ("uk-UA"): "drowsiness"&#xD;
SERVER: 590.653s [WARN] loc: Unknown messageId ("uk-UA"): "entity-effect-status-effect-Dementia"&#xD;
SERVER: 590.656s [WARN] loc: Unknown messageId ("uk-UA"): "drowsiness"&#xD;
SERVER: 590.657s [WARN] loc: Unknown messageId ("uk-UA"): "hallucinations"&#xD;
SERVER: 590.657s [WARN] loc: Unknown messageId ("uk-UA"): "hemorrhage"&#xD;
SERVER: 590.658s [WARN] loc: Unknown messageId ("uk-UA"): "scrambled"&#xD;
SERVER: 590.658s [WARN] loc: Unknown messageId ("uk-UA"): "woozy"&#xD;
SERVER: 590.658s [WARN] loc: Unknown messageId ("uk-UA"): "entity-effect-status-effect-PsionicallyInsulated"&#xD;
SERVER: 590.658s [WARN] loc: Unknown messageId ("uk-UA"): "entity-effect-status-effect-PsionicsDisabled"&#xD;
SERVER: 590.659s [WARN] loc: Unknown messageId ("uk-UA"): "entity-effect-status-effect-Centered"&#xD;
SERVER: 590.659s [WARN] loc: Unknown messageId ("uk-UA"): "hallucinations"&#xD;
SERVER: 590.660s [WARN] loc: Unknown messageId ("uk-UA"): "stunned"&#xD;
SERVER: 590.661s [WARN] loc: Unknown messageId ("uk-UA"): "тінь душі"&#xD;
SERVER: 590.663s [WARN] loc: Unknown messageId ("uk-UA"): "лють"&#xD;
SERVER: 590.664s [WARN] loc: Unknown messageId ("uk-UA"): "hallucinations"&#xD;
SERVER: 590.664s [WARN] loc: Unknown messageId ("uk-UA"): "drowsiness"&#xD;
SERVER: 590.664s [WARN] loc: Unknown messageId ("uk-UA"): "drowsiness"&#xD;
SERVER: 590.665s [WARN] loc: Unknown messageId ("uk-UA"): "thin blood"&#xD;
SERVER: 590.665s [WARN] loc: Unknown messageId ("uk-UA"): "бульбашковий газ"&#xD;
SERVER: 590.666s [WARN] loc: Unknown messageId ("uk-UA"): "entity-effect-status-effect-DemonsBlood"&#xD;
SERVER: 590.666s [WARN] loc: Unknown messageId ("uk-UA"): "каталізатор"&#xD;
SERVER: 590.667s [WARN] loc: Unknown messageId ("uk-UA"): "hallucinations"&#xD;
SERVER: 590.668s [WARN] loc: Unknown messageId ("uk-UA"): "hallucinations"&#xD;
SERVER: 590.670s [WARN] loc: Unknown messageId ("uk-UA"): "hallucinations"&#xD;
SERVER: 590.670s [WARN] loc: Unknown messageId ("uk-UA"): "чорна жовч"&#xD;
SERVER: 590.671s [WARN] loc: Unknown messageId ("uk-UA"): "drowsiness"&#xD;
SERVER: 590.671s [WARN] loc: Unknown messageId ("uk-UA"): "прокльон дзеркала"&#xD;
SERVER: 590.671s [WARN] loc: Unknown messageId ("uk-UA"): "2x max stamina"&#xD;
SERVER: 590.671s [WARN] loc: Unknown messageId ("uk-UA"): "pain numbness"&#xD;
SERVER: 590.671s [WARN] loc: Unknown messageId ("uk-UA"): "drowsiness"&#xD;
SERVER: 590.671s [WARN] loc: Unknown messageId ("uk-UA"): "triclor slowdown"&#xD;
SERVER: 590.672s [WARN] loc: Unknown messageId ("uk-UA"): "слід клоуна"&#xD;
SERVER: 590.672s [WARN] loc: Unknown messageId ("uk-UA"): "drowsiness"&#xD;
SERVER: 590.674s [WARN] loc: Unknown messageId ("uk-UA"): "stunned"&#xD;
SERVER: 590.674s [WARN] loc: Unknown messageId ("uk-UA"): "entity-effect-guidebook-knockdown"&#xD;
SERVER: 590.674s [WARN] loc: Unknown messageId ("uk-UA"): "hallucinations"&#xD;
SERVER: 590.674s [WARN] loc: Unknown messageId ("uk-UA"): "drowsiness"&#xD;
SERVER: 590.674s [WARN] loc: Unknown messageId ("uk-UA"): "stunned"&#xD;
SERVER: 590.675s [WARN] loc: Unknown messageId ("uk-UA"): "еліксир Магнуса"&#xD;
SERVER: 590.675s [WARN] loc: Unknown messageId ("uk-UA"): "скам'яніння"&#xD;
SERVER: 590.675s [WARN] loc: Unknown messageId ("uk-UA"): "закоханість відьми"&#xD;
SERVER: 590.675s [WARN] loc: Unknown messageId ("uk-UA"): "анти-магічний бар'єр"&#xD;
SERVER: 590.676s [WARN] loc: Unknown messageId ("uk-UA"): "hallucinations"&#xD;
SERVER: 590.677s [WARN] loc: Unknown messageId ("uk-UA"): "азотна есенція"&#xD;
SERVER: 590.680s [WARN] loc: Unknown messageId ("uk-UA"): "forced sleep"&#xD;
SERVER: 590.680s [WARN] loc: Unknown messageId ("uk-UA"): "зілля голоду"&#xD;
SERVER: 590.681s [WARN] loc: Unknown messageId ("uk-UA"): "купорос душі"&#xD;
SERVER: 590.681s [WARN] loc: Unknown messageId ("uk-UA"): "entity-effect-status-effect-CorticalBorerProtection"&#xD;
SERVER: 590.683s [WARN] loc: Unknown messageId ("uk-UA"): "невидимість відьми"&#xD;
SERVER: 590.683s [WARN] loc: Unknown messageId ("uk-UA"): "drowsiness"&#xD;
SERVER: 590.684s [WARN] loc: Unknown messageId ("uk-UA"): "entity-effect-status-effect-Vulgarity"&#xD;
SERVER: 590.684s [WARN] loc: Unknown messageId ("uk-UA"): "drowsiness"&#xD;
SERVER: 590.687s [WARN] loc: Unknown messageId ("uk-UA"): "параноя"&#xD;
SERVER: 590.689s [WARN] loc: Unknown messageId ("uk-UA"): "кров'яний зв'язок"&#xD;
SERVER: 590.691s [WARN] loc: Unknown messageId ("uk-UA"): "drowsiness"&#xD;
SERVER: 590.692s [WARN] loc: Unknown messageId ("uk-UA"): "forced sleep"&#xD;
SERVER: 590.692s [WARN] loc: Unknown messageId ("uk-UA"): "hallucinations"&#xD;
SERVER: 590.692s [WARN] loc: Unknown messageId ("uk-UA"): "lotophagoi oil effect"&#xD;
SERVER: 590.693s [WARN] loc: Unknown messageId ("uk-UA"): "drowsiness"&#xD;
SERVER: 590.696s [WARN] loc: Unknown messageId ("uk-UA"): "сік мімічності"&#xD;
SERVER: 590.697s [WARN] loc: Unknown messageId ("uk-UA"): "drowsiness"&#xD;
SERVER: 590.698s [WARN] loc: Unknown messageId ("uk-UA"): "туман розуму"&#xD;
SERVER: 590.698s [WARN] loc: Unknown messageId ("uk-UA"): "drowsiness"&#xD;
SERVER: 590.702s [WARN] loc: Unknown messageId ("uk-UA"): "drowsiness"&#xD;
SERVER: 590.703s [WARN] loc: Unknown messageId ("uk-UA"): "forced sleep"&#xD;
SERVER: 590.703s [WARN] loc: Unknown messageId ("uk-UA"): "barkaccent"&#xD;
SERVER: 590.703s [WARN] loc: Unknown messageId ("uk-UA"): "stunned"&#xD;
SERVER: 590.703s [WARN] loc: Unknown messageId ("uk-UA"): "entity-effect-status-effect-StaminaModifierStatusEffect"&#xD;
SERVER: 590.704s [WARN] loc: Unknown messageId ("uk-UA"): "hallucinations"&#xD;
SERVER: 590.704s [WARN] loc: Unknown messageId ("uk-UA"): "drunk"&#xD;
SERVER: 590.705s [WARN] loc: Unknown messageId ("uk-UA"): "entity-effect-status-effect-DemonsKiss"&#xD;
SERVER: 590.706s [WARN] loc: Unknown messageId ("uk-UA"): "drunk"&#xD;
SERVER: 590.707s [WARN] loc: Unknown messageId ("uk-UA"): "прокльон імені"&#xD;
SERVER: 590.707s [WARN] loc: Unknown messageId ("uk-UA"): "stunned"&#xD;
SERVER: 590.708s [WARN] loc: Unknown messageId ("uk-UA"): "hallucinations"&#xD;
SERVER: 590.709s [WARN] loc: Unknown messageId ("uk-UA"): "stunned"&#xD;
SERVER: 590.709s [WARN] loc: Unknown messageId ("uk-UA"): "entity-effect-guidebook-knockdown"&#xD;
SERVER: 590.709s [WARN] loc: Unknown messageId ("uk-UA"): "drowsiness"&#xD;
SERVER: 590.712s [WARN] loc: Unknown messageId ("uk-UA"): "drowsiness"&#xD;
SERVER: 590.713s [WARN] loc: Unknown messageId ("uk-UA"): "hallucinations"&#xD;
SERVER: 590.715s [WARN] loc: Unknown messageId ("uk-UA"): "зілля гравітації"&#xD;
SERVER: 590.715s [WARN] loc: Unknown messageId ("uk-UA"): "burning immunity"&#xD;
SERVER: 590.715s [WARN] loc: Unknown messageId ("uk-UA"): "ash storm immunity"&#xD;
SERVER: 590.716s [WARN] loc: Unknown messageId ("uk-UA"): "scrambled"&#xD;
SERVER: 590.717s [WARN] loc: Unknown messageId ("uk-UA"): "stunned"&#xD;
SERVER: 590.717s [WARN] loc: Unknown messageId ("uk-UA"): "forced sleep"&#xD;
SERVER: 590.717s [WARN] loc: Unknown messageId ("uk-UA"): "drowsiness"&#xD;
SERVER: 590.717s [WARN] loc: Unknown messageId ("uk-UA"): "drowsiness"&#xD;
SERVER: 590.718s [WARN] loc: Unknown messageId ("uk-UA"): "hallucinations"&#xD;
SERVER: 590.718s [WARN] loc: Unknown messageId ("uk-UA"): "заміщення"&#xD;
SERVER: 590.719s [WARN] loc: Unknown messageId ("uk-UA"): "drowsiness"&#xD;
SERVER: 590.721s [WARN] loc: Unknown messageId ("uk-UA"): "drowsiness"&#xD;
SERVER: 590.722s [WARN] loc: Unknown messageId ("uk-UA"): "hallucinations"&#xD;
SERVER: 590.723s [WARN] loc: Unknown messageId ("uk-UA"): "drowsiness"&#xD;
SERVER: 590.724s [WARN] loc: Unknown messageId ("uk-UA"): "owoaccent"&#xD;
SERVER: 590.724s [WARN] loc: Unknown messageId ("uk-UA"): "hallucinations"&#xD;
SERVER: 590.725s [WARN] loc: Unknown messageId ("uk-UA"): "stunned"&#xD;
SERVER: 590.725s [WARN] loc: Unknown messageId ("uk-UA"): "entity-effect-guidebook-knockdown"&#xD;
SERVER: 590.726s [WARN] loc: Unknown messageId ("uk-UA"): "drowsiness"&#xD;
SERVER: 590.726s [WARN] loc: Unknown messageId ("uk-UA"): "hallucinations"&#xD;
SERVER: 590.728s [WARN] loc: Unknown messageId ("uk-UA"): "ехо відьми"&#xD;
SERVER: 590.728s [WARN] loc: Unknown messageId ("uk-UA"): "drowsiness"&#xD;
SERVER: 590.729s [WARN] loc: Unknown messageId ("uk-UA"): "hallucinations"&#xD;
SERVER: 590.729s [WARN] loc: Unknown messageId ("uk-UA"): "drowsiness"&#xD;
SERVER: 590.731s [WARN] loc: Unknown messageId ("uk-UA"): "1.5x max stamina"&#xD;
SERVER: 590.731s [WARN] loc: Unknown messageId ("uk-UA"): "stunned"&#xD;
SERVER: 590.731s [WARN] loc: Unknown messageId ("uk-UA"): "entity-effect-guidebook-knockdown"&#xD;
SERVER: 590.731s [WARN] loc: Unknown messageId ("uk-UA"): "forced sleep"&#xD;
SERVER: 590.731s [WARN] loc: Unknown messageId ("uk-UA"): "drowsiness"&#xD;
SERVER: 590.733s [WARN] loc: Unknown messageId ("uk-UA"): "entity-effect-status-effect-Dementia"&#xD;
SERVER: 590.736s [WARN] loc: Unknown messageId ("uk-UA"): "drowsiness"&#xD;
SERVER: 590.737s [WARN] loc: Unknown messageId ("uk-UA"): "hallucinations"&#xD;
SERVER: 590.738s [WARN] loc: Unknown messageId ("uk-UA"): "hemorrhage"&#xD;
SERVER: 590.738s [WARN] loc: Unknown messageId ("uk-UA"): "scrambled"&#xD;
SERVER: 590.738s [WARN] loc: Unknown messageId ("uk-UA"): "woozy"&#xD;
SERVER: 590.738s [WARN] loc: Unknown messageId ("uk-UA"): "entity-effect-status-effect-PsionicallyInsulated"&#xD;
SERVER: 590.738s [WARN] loc: Unknown messageId ("uk-UA"): "entity-effect-status-effect-PsionicsDisabled"&#xD;
SERVER: 590.739s [WARN] loc: Unknown messageId ("uk-UA"): "entity-effect-status-effect-Centered"&#xD;
SERVER: 590.739s [WARN] loc: Unknown messageId ("uk-UA"): "hallucinations"&#xD;
SERVER: 590.740s [WARN] loc: Unknown messageId ("uk-UA"): "stunned"&#xD;
SERVER: 590.740s [WARN] loc: Unknown messageId ("uk-UA"): "тінь душі"&#xD;
SERVER: 590.743s [WARN] loc: Unknown messageId ("uk-UA"): "лють"&#xD;
SERVER: 590.744s [WARN] loc: Unknown messageId ("uk-UA"): "hallucinations"&#xD;
SERVER: 590.744s [WARN] loc: Unknown messageId ("uk-UA"): "drowsiness"&#xD;
SERVER: 590.745s [WARN] loc: Unknown messageId ("uk-UA"): "drowsiness"&#xD;
SERVER: 590.745s [WARN] loc: Unknown messageId ("uk-UA"): "thin blood"&#xD;
SERVER: 590.746s [WARN] loc: Unknown messageId ("uk-UA"): "бульбашковий газ"&#xD;
SERVER: 590.746s [WARN] loc: Unknown messageId ("uk-UA"): "entity-effect-status-effect-DemonsBlood"&#xD;
SERVER: 590.746s [WARN] loc: Unknown messageId ("uk-UA"): "каталізатор"&#xD;
SERVER: 590.749s [WARN] loc: Unknown messageId ("uk-UA"): "hallucinations"&#xD;
SERVER: 590.750s [WARN] loc: Unknown messageId ("uk-UA"): "hallucinations"&#xD;
SERVER: 590.750s [WARN] loc: Unknown messageId ("uk-UA"): "hallucinations"&#xD;
SERVER: 590.750s [WARN] loc: Unknown messageId ("uk-UA"): "чорна жовч"&#xD;
SERVER: 590.751s [WARN] loc: Unknown messageId ("uk-UA"): "drowsiness"&#xD;
SERVER: 590.751s [WARN] loc: Unknown messageId ("uk-UA"): "прокльон дзеркала"&#xD;
SERVER: 590.751s [WARN] loc: Unknown messageId ("uk-UA"): "2x max stamina"&#xD;
SERVER: 590.751s [WARN] loc: Unknown messageId ("uk-UA"): "pain numbness"&#xD;
SERVER: 590.751s [WARN] loc: Unknown messageId ("uk-UA"): "drowsiness"&#xD;
SERVER: 590.752s [WARN] loc: Unknown messageId ("uk-UA"): "triclor slowdown"&#xD;
SERVER: 590.752s [WARN] loc: Unknown messageId ("uk-UA"): "слід клоуна"&#xD;
SERVER: 590.752s [WARN] loc: Unknown messageId ("uk-UA"): "drowsiness"&#xD;
SERVER: 590.754s [WARN] loc: Unknown messageId ("uk-UA"): "stunned"&#xD;
SERVER: 590.754s [WARN] loc: Unknown messageId ("uk-UA"): "entity-effect-guidebook-knockdown"&#xD;
SERVER: 590.754s [WARN] loc: Unknown messageId ("uk-UA"): "hallucinations"&#xD;
SERVER: 590.754s [WARN] loc: Unknown messageId ("uk-UA"): "drowsiness"&#xD;
SERVER: 590.754s [WARN] loc: Unknown messageId ("uk-UA"): "stunned"&#xD;
SERVER: 590.755s [WARN] loc: Unknown messageId ("uk-UA"): "еліксир Магнуса"&#xD;
SERVER: 590.755s [WARN] loc: Unknown messageId ("uk-UA"): "скам'яніння"&#xD;
SERVER: 590.756s [WARN] loc: Unknown messageId ("uk-UA"): "закоханість відьми"&#xD;
SERVER: 590.757s [WARN] loc: Unknown messageId ("uk-UA"): "анти-магічний бар'єр"&#xD;
SERVER: 590.758s [WARN] loc: Unknown messageId ("uk-UA"): "hallucinations"&#xD;
SERVER: 590.758s [WARN] loc: Unknown messageId ("uk-UA"): "азотна есенція"&#xD;
SERVER: 590.759s [WARN] loc: Unknown messageId ("uk-UA"): "forced sleep"&#xD;
SERVER: 590.760s [WARN] loc: Unknown messageId ("uk-UA"): "зілля голоду"&#xD;
SERVER: 590.760s [WARN] loc: Unknown messageId ("uk-UA"): "купорос душі"&#xD;
SERVER: 590.760s [WARN] loc: Unknown messageId ("uk-UA"): "entity-effect-status-effect-CorticalBorerProtection"&#xD;
SERVER: 590.762s [WARN] loc: Unknown messageId ("uk-UA"): "невидимість відьми"&#xD;
SERVER: 590.762s [WARN] loc: Unknown messageId ("uk-UA"): "drowsiness"&#xD;
SERVER: 590.763s [WARN] loc: Unknown messageId ("uk-UA"): "entity-effect-status-effect-Vulgarity"&#xD;
SERVER: 590.763s [WARN] loc: Unknown messageId ("uk-UA"): "drowsiness"&#xD;
SERVER: 590.765s [WARN] loc: Unknown messageId ("uk-UA"): "параноя"&#xD;
SERVER: 590.766s [WARN] loc: Unknown messageId ("uk-UA"): "кров'яний зв'язок"&#xD;
SERVER: 590.769s [WARN] loc: Unknown messageId ("uk-UA"): "drowsiness"&#xD;
SERVER: 590.770s [WARN] loc: Unknown messageId ("uk-UA"): "forced sleep"&#xD;
SERVER: 590.770s [WARN] loc: Unknown messageId ("uk-UA"): "hallucinations"&#xD;
SERVER: 590.770s [WARN] loc: Unknown messageId ("uk-UA"): "lotophagoi oil effect"&#xD;
SERVER: 590.770s [WARN] loc: Unknown messageId ("uk-UA"): "drowsiness"&#xD;
SERVER: 590.771s [WARN] loc: Unknown messageId ("uk-UA"): "сік мімічності"&#xD;
SERVER: 590.773s [WARN] loc: Unknown messageId ("uk-UA"): "drowsiness"&#xD;
SERVER: 590.773s [WARN] loc: Unknown messageId ("uk-UA"): "туман розуму"&#xD;
SERVER: 590.774s [WARN] loc: Unknown messageId ("uk-UA"): "drowsiness"&#xD;
SERVER: 590.776s [WARN] loc: Unknown messageId ("uk-UA"): "drowsiness"&#xD;
SERVER: 590.778s [WARN] loc: Unknown messageId ("uk-UA"): "forced sleep"&#xD;
SERVER: 590.778s [WARN] loc: Unknown messageId ("uk-UA"): "barkaccent"&#xD;
SERVER: 590.779s [WARN] loc: Unknown messageId ("uk-UA"): "stunned"&#xD;
SERVER: 590.779s [WARN] loc: Unknown messageId ("uk-UA"): "entity-effect-status-effect-StaminaModifierStatusEffect"&#xD;
SERVER: 590.779s [WARN] loc: Unknown messageId ("uk-UA"): "hallucinations"&#xD;
SERVER: 590.779s [WARN] loc: Unknown messageId ("uk-UA"): "drunk"&#xD;
SERVER: 590.780s [WARN] loc: Unknown messageId ("uk-UA"): "entity-effect-status-effect-DemonsKiss"&#xD;
SERVER: 590.781s [WARN] loc: Unknown messageId ("uk-UA"): "drunk"&#xD;
SERVER: 590.782s [WARN] loc: Unknown messageId ("uk-UA"): "прокльон імені"&#xD;
SERVER: 590.782s [WARN] loc: Unknown messageId ("uk-UA"): "stunned"&#xD;
SERVER: 590.782s [WARN] loc: Unknown messageId ("uk-UA"): "hallucinations"&#xD;
SERVER: 590.785s [WARN] loc: Unknown messageId ("uk-UA"): "stunned"&#xD;
SERVER: 590.785s [WARN] loc: Unknown messageId ("uk-UA"): "entity-effect-guidebook-knockdown"&#xD;
SERVER: 590.785s [WARN] loc: Unknown messageId ("uk-UA"): "drowsiness"&#xD;
SERVER: 590.787s [WARN] loc: Unknown messageId ("uk-UA"): "drowsiness"&#xD;
SERVER: 590.788s [WARN] loc: Unknown messageId ("uk-UA"): "hallucinations"&#xD;
SERVER: 590.788s [WARN] loc: Unknown messageId ("uk-UA"): "зілля гравітації"&#xD;
SERVER: 590.789s [WARN] loc: Unknown messageId ("uk-UA"): "burning immunity"&#xD;
SERVER: 590.789s [WARN] loc: Unknown messageId ("uk-UA"): "ash storm immunity"&#xD;
SERVER: 590.791s [WARN] loc: Unknown messageId ("uk-UA"): "scrambled"&#xD;
SERVER: 590.791s [WARN] loc: Unknown messageId ("uk-UA"): "stunned"&#xD;
SERVER: 590.792s [WARN] loc: Unknown messageId ("uk-UA"): "forced sleep"&#xD;
SERVER: 590.792s [WARN] loc: Unknown messageId ("uk-UA"): "drowsiness"&#xD;
SERVER: 590.792s [WARN] loc: Unknown messageId ("uk-UA"): "drowsiness"&#xD;
SERVER: 590.793s [WARN] loc: Unknown messageId ("uk-UA"): "hallucinations"&#xD;
SERVER: 590.793s [WARN] loc: Unknown messageId ("uk-UA"): "заміщення"&#xD;
SERVER: 590.795s [WARN] loc: Unknown messageId ("uk-UA"): "drowsiness"&#xD;
SERVER: 590.795s [WARN] loc: Unknown messageId ("uk-UA"): "drowsiness"&#xD;
SERVER: 590.797s [WARN] loc: Unknown messageId ("uk-UA"): "hallucinations"&#xD;
SERVER: 590.798s [WARN] loc: Unknown messageId ("uk-UA"): "drowsiness"&#xD;
SERVER: 590.799s [WARN] loc: Unknown messageId ("uk-UA"): "owoaccent"&#xD;
SERVER: 590.799s [WARN] loc: Unknown messageId ("uk-UA"): "hallucinations"&#xD;
SERVER: 590.800s [WARN] loc: Unknown messageId ("uk-UA"): "stunned"&#xD;
SERVER: 590.800s [WARN] loc: Unknown messageId ("uk-UA"): "entity-effect-guidebook-knockdown"&#xD;
SERVER: 590.802s [WARN] loc: Unknown messageId ("uk-UA"): "drowsiness"&#xD;
SERVER: 590.802s [WARN] loc: Unknown messageId ("uk-UA"): "hallucinations"&#xD;
SERVER: 590.803s [WARN] loc: Unknown messageId ("uk-UA"): "ехо відьми"&#xD;
SERVER: 590.804s [WARN] loc: Unknown messageId ("uk-UA"): "drowsiness"&#xD;
SERVER: 590.804s [WARN] loc: Unknown messageId ("uk-UA"): "hallucinations"&#xD;
SERVER: 590.804s [WARN] loc: Unknown messageId ("uk-UA"): "drowsiness"&#xD;
SERVER: 590.806s [WARN] loc: Unknown messageId ("uk-UA"): "1.5x max stamina"&#xD;
SERVER: 590.806s [WARN] loc: Unknown messageId ("uk-UA"): "stunned"&#xD;
SERVER: 590.806s [WARN] loc: Unknown messageId ("uk-UA"): "entity-effect-guidebook-knockdown"&#xD;
SERVER: 590.806s [WARN] loc: Unknown messageId ("uk-UA"): "forced sleep"&#xD;
SERVER: 590.806s [WARN] loc: Unknown messageId ("uk-UA"): "drowsiness"&#xD;
SERVER: 590.813s [WARN] loc: Unknown messageId ("uk-UA"): "entity-effect-status-effect-Dementia"&#xD;
SERVER: 590.814s [WARN] loc: Unknown messageId ("uk-UA"): "drowsiness"&#xD;
SERVER: 590.816s [WARN] loc: Unknown messageId ("uk-UA"): "hallucinations"&#xD;
SERVER: 590.816s [WARN] loc: Unknown messageId ("uk-UA"): "hemorrhage"&#xD;
SERVER: 590.816s [WARN] loc: Unknown messageId ("uk-UA"): "scrambled"&#xD;
SERVER: 590.816s [WARN] loc: Unknown messageId ("uk-UA"): "woozy"&#xD;
SERVER: 590.816s [WARN] loc: Unknown messageId ("uk-UA"): "entity-effect-status-effect-PsionicallyInsulated"&#xD;
SERVER: 590.816s [WARN] loc: Unknown messageId ("uk-UA"): "entity-effect-status-effect-PsionicsDisabled"&#xD;
SERVER: 590.817s [WARN] loc: Unknown messageId ("uk-UA"): "entity-effect-status-effect-Centered"&#xD;
SERVER: 590.818s [WARN] loc: Unknown messageId ("uk-UA"): "hallucinations"&#xD;
SERVER: 590.818s [WARN] loc: Unknown messageId ("uk-UA"): "stunned"&#xD;
SERVER: 590.819s [WARN] loc: Unknown messageId ("uk-UA"): "тінь душі"&#xD;
SERVER: 590.822s [WARN] loc: Unknown messageId ("uk-UA"): "лють"&#xD;
SERVER: 590.822s [WARN] loc: Unknown messageId ("uk-UA"): "hallucinations"&#xD;
SERVER: 590.822s [WARN] loc: Unknown messageId ("uk-UA"): "drowsiness"&#xD;
SERVER: 590.823s [WARN] loc: Unknown messageId ("uk-UA"): "drowsiness"&#xD;
SERVER: 590.823s [WARN] loc: Unknown messageId ("uk-UA"): "thin blood"&#xD;
SERVER: 590.824s [WARN] loc: Unknown messageId ("uk-UA"): "бульбашковий газ"&#xD;
SERVER: 590.824s [WARN] loc: Unknown messageId ("uk-UA"): "entity-effect-status-effect-DemonsBlood"&#xD;
SERVER: 590.824s [WARN] loc: Unknown messageId ("uk-UA"): "каталізатор"&#xD;
SERVER: 590.825s [WARN] loc: Unknown messageId ("uk-UA"): "hallucinations"&#xD;
SERVER: 590.826s [WARN] loc: Unknown messageId ("uk-UA"): "hallucinations"&#xD;
SERVER: 590.826s [WARN] loc: Unknown messageId ("uk-UA"): "hallucinations"&#xD;
SERVER: 590.829s [WARN] loc: Unknown messageId ("uk-UA"): "чорна жовч"&#xD;
SERVER: 590.829s [WARN] loc: Unknown messageId ("uk-UA"): "drowsiness"&#xD;
SERVER: 590.829s [WARN] loc: Unknown messageId ("uk-UA"): "прокльон дзеркала"&#xD;
SERVER: 590.830s [WARN] loc: Unknown messageId ("uk-UA"): "2x max stamina"&#xD;
SERVER: 590.830s [WARN] loc: Unknown messageId ("uk-UA"): "pain numbness"&#xD;
SERVER: 590.830s [WARN] loc: Unknown messageId ("uk-UA"): "drowsiness"&#xD;
SERVER: 590.830s [WARN] loc: Unknown messageId ("uk-UA"): "triclor slowdown"&#xD;
SERVER: 590.830s [WARN] loc: Unknown messageId ("uk-UA"): "слід клоуна"&#xD;
SERVER: 590.831s [WARN] loc: Unknown messageId ("uk-UA"): "drowsiness"&#xD;
SERVER: 590.832s [WARN] loc: Unknown messageId ("uk-UA"): "stunned"&#xD;
SERVER: 590.832s [WARN] loc: Unknown messageId ("uk-UA"): "entity-effect-guidebook-knockdown"&#xD;
SERVER: 590.832s [WARN] loc: Unknown messageId ("uk-UA"): "hallucinations"&#xD;
SERVER: 590.833s [WARN] loc: Unknown messageId ("uk-UA"): "drowsiness"&#xD;
SERVER: 590.833s [WARN] loc: Unknown messageId ("uk-UA"): "stunned"&#xD;
SERVER: 590.833s [WARN] loc: Unknown messageId ("uk-UA"): "еліксир Магнуса"&#xD;
SERVER: 590.833s [WARN] loc: Unknown messageId ("uk-UA"): "скам'яніння"&#xD;
SERVER: 590.834s [WARN] loc: Unknown messageId ("uk-UA"): "закоханість відьми"&#xD;
SERVER: 590.834s [WARN] loc: Unknown messageId ("uk-UA"): "анти-магічний бар'єр"&#xD;
SERVER: 590.835s [WARN] loc: Unknown messageId ("uk-UA"): "hallucinations"&#xD;
SERVER: 590.835s [WARN] loc: Unknown messageId ("uk-UA"): "азотна есенція"&#xD;
SERVER: 590.837s [WARN] loc: Unknown messageId ("uk-UA"): "forced sleep"&#xD;
SERVER: 590.837s [WARN] loc: Unknown messageId ("uk-UA"): "зілля голоду"&#xD;
SERVER: 590.837s [WARN] loc: Unknown messageId ("uk-UA"): "купорос душі"&#xD;
SERVER: 590.839s [WARN] loc: Unknown messageId ("uk-UA"): "entity-effect-status-effect-CorticalBorerProtection"&#xD;
SERVER: 590.840s [WARN] loc: Unknown messageId ("uk-UA"): "невидимість відьми"&#xD;
SERVER: 590.841s [WARN] loc: Unknown messageId ("uk-UA"): "drowsiness"&#xD;
SERVER: 590.842s [WARN] loc: Unknown messageId ("uk-UA"): "entity-effect-status-effect-Vulgarity"&#xD;
SERVER: 590.842s [WARN] loc: Unknown messageId ("uk-UA"): "drowsiness"&#xD;
SERVER: 590.844s [WARN] loc: Unknown messageId ("uk-UA"): "параноя"&#xD;
SERVER: 590.849s [WARN] loc: Unknown messageId ("uk-UA"): "кров'яний зв'язок"&#xD;
SERVER: 590.852s [WARN] loc: Unknown messageId ("uk-UA"): "drowsiness"&#xD;
SERVER: 590.853s [WARN] loc: Unknown messageId ("uk-UA"): "forced sleep"&#xD;
SERVER: 590.854s [WARN] loc: Unknown messageId ("uk-UA"): "hallucinations"&#xD;
SERVER: 590.854s [WARN] loc: Unknown messageId ("uk-UA"): "lotophagoi oil effect"&#xD;
SERVER: 590.854s [WARN] loc: Unknown messageId ("uk-UA"): "drowsiness"&#xD;
SERVER: 590.855s [WARN] loc: Unknown messageId ("uk-UA"): "сік мімічності"&#xD;
SERVER: 590.858s [WARN] loc: Unknown messageId ("uk-UA"): "drowsiness"&#xD;
SERVER: 590.858s [WARN] loc: Unknown messageId ("uk-UA"): "туман розуму"&#xD;
SERVER: 590.859s [WARN] loc: Unknown messageId ("uk-UA"): "drowsiness"&#xD;
SERVER: 590.862s [WARN] loc: Unknown messageId ("uk-UA"): "drowsiness"&#xD;
SERVER: 590.863s [WARN] loc: Unknown messageId ("uk-UA"): "forced sleep"&#xD;
SERVER: 590.863s [WARN] loc: Unknown messageId ("uk-UA"): "barkaccent"&#xD;
SERVER: 590.866s [WARN] loc: Unknown messageId ("uk-UA"): "stunned"&#xD;
SERVER: 590.866s [WARN] loc: Unknown messageId ("uk-UA"): "entity-effect-status-effect-StaminaModifierStatusEffect"&#xD;
SERVER: 590.867s [WARN] loc: Unknown messageId ("uk-UA"): "hallucinations"&#xD;
SERVER: 590.867s [WARN] loc: Unknown messageId ("uk-UA"): "drunk"&#xD;
SERVER: 590.868s [WARN] loc: Unknown messageId ("uk-UA"): "entity-effect-status-effect-DemonsKiss"&#xD;
SERVER: 590.868s [WARN] loc: Unknown messageId ("uk-UA"): "drunk"&#xD;
SERVER: 590.869s [WARN] loc: Unknown messageId ("uk-UA"): "прокльон імені"&#xD;
SERVER: 590.869s [WARN] loc: Unknown messageId ("uk-UA"): "stunned"&#xD;
SERVER: 590.870s [WARN] loc: Unknown messageId ("uk-UA"): "hallucinations"&#xD;
SERVER: 590.871s [WARN] loc: Unknown messageId ("uk-UA"): "stunned"&#xD;
SERVER: 590.871s [WARN] loc: Unknown messageId ("uk-UA"): "entity-effect-guidebook-knockdown"&#xD;
SERVER: 590.871s [WARN] loc: Unknown messageId ("uk-UA"): "drowsiness"&#xD;
SERVER: 590.873s [WARN] loc: Unknown messageId ("uk-UA"): "drowsiness"&#xD;
SERVER: 590.874s [WARN] loc: Unknown messageId ("uk-UA"): "hallucinations"&#xD;
SERVER: 590.874s [WARN] loc: Unknown messageId ("uk-UA"): "зілля гравітації"&#xD;
SERVER: 590.875s [WARN] loc: Unknown messageId ("uk-UA"): "burning immunity"&#xD;
SERVER: 590.875s [WARN] loc: Unknown messageId ("uk-UA"): "ash storm immunity"&#xD;
SERVER: 590.878s [WARN] loc: Unknown messageId ("uk-UA"): "scrambled"&#xD;
SERVER: 590.879s [WARN] loc: Unknown messageId ("uk-UA"): "stunned"&#xD;
SERVER: 590.879s [WARN] loc: Unknown messageId ("uk-UA"): "forced sleep"&#xD;
SERVER: 590.879s [WARN] loc: Unknown messageId ("uk-UA"): "drowsiness"&#xD;
SERVER: 590.879s [WARN] loc: Unknown messageId ("uk-UA"): "drowsiness"&#xD;
SERVER: 590.880s [WARN] loc: Unknown messageId ("uk-UA"): "hallucinations"&#xD;
SERVER: 590.880s [WARN] loc: Unknown messageId ("uk-UA"): "заміщення"&#xD;
SERVER: 590.882s [WARN] loc: Unknown messageId ("uk-UA"): "drowsiness"&#xD;
SERVER: 590.882s [WARN] loc: Unknown messageId ("uk-UA"): "drowsiness"&#xD;
SERVER: 590.886s [WARN] loc: Unknown messageId ("uk-UA"): "hallucinations"&#xD;
SERVER: 592.702s [INFO] toolshed: Initialized new toolshed context in 00:00:00.2043549&#xD;
SERVER: 592.747s [INFO] discord.link: No Discord token specified, not connecting.&#xD;
SERVER: 592.804s [INFO] cvarcontrol: Registered 37 CVars.&#xD;
SERVER: 0.011s [WARN] cfg: Only clients can change the 'net.interp' cvar.&#xD;
SERVER: 2.119s [INFO] cfg: Robust.UnitTesting.RobustIntegrationTest+IntegrationNetManager+IntegrationNetChannel: Sending server info...&#xD;
CLIENT: 2.826s [INFO] clientplaytime: Current day: 31 Current Date: 2026-07-31&#xD;
CLIENT: 2.828s [INFO] cfg: Sending client info...&#xD;
CLIENT: 2.831s [DEBG] client: Synchronized time base: 1: 00:00:00&#xD;
CLIENT: 2.836s [INFO] client: Tickrate changed to: 30 on tick 1&#xD;
CLIENT: 2.836s [INFO] client: Tickrate changed to: 1 on tick 1&#xD;
CLIENT: 2.840s [INFO] player: Changing local session from null to integration_1.&#xD;
CLIENT: 4.207s [DEBG] admin: Have 33 commands available&#xD;
CLIENT: 4.207s [INFO] admin: Updated admin status: Not admin&#xD;
CLIENT: 4.208s [DEBG] job_requirements: Received role ban info: 0 job ban entries and 0 antag ban entries.&#xD;
CLIENT: 4.245s [DEBG] client: Runlevel changed to: Connected&#xD;
CLIENT: 7.608s [DEBG] admin: Have 411 commands available&#xD;
CLIENT: 7.608s [INFO] admin: Updated admin status: True/Хост/ADMIN|BAN|DEBUG|FUN|PERMISSIONS|SERVER|SPAWN|VAREDIT|MAPPING|LOGS|ROUND|QUERY|ADMINHELP|VIEWNOTES|EDITNOTES|MASSBAN|STEALTH|ADMINCHAT|PII|MODERATOR|ADMINWHO|NAMECOLOR|FULLADMIN|POLLS|HOST&#xD;
CLIENT: 7.617s [INFO] state: Received Full GameState: to=2, sz=46&#xD;
SERVER: 7.656s [WARN] net.ent: Got late MsgEntity! Diff: -1, msgT: 2, cT: 3, player: integration_1, msg: Content.Shared.Guidebook.RequestGuidebookDataEvent&#xD;
CLIENT: 7.681s [INFO] state: Resetting all entity states to tick 2.&#xD;
CLIENT: 7.688s [DEBG] client: Runlevel changed to: InGame&#xD;
SERVER: 7.749s [WARN] net.ent: Got late MsgEntity! Diff: -3, msgT: 2, cT: 5, player: integration_1, msg: Content.Goobstation.Common.ServerCurrency.PlayerBalanceRequestEvent&#xD;
CLIENT: 7.800s [INFO] entity: Flushing entities. Entity count: 0&#xD;
CLIENT: 7.894s [INFO] system.mind: Wiping all minds&#xD;
CLIENT: 8.086s [DEBG] client: Runlevel changed to: Initialize&#xD;
GetPair: Retrieving pair 1 from pool took 601189,2725 ms&#xD;
GetPair: Returning pair 1 with client/server seeds: 377806182/1016113881&#xD;
SERVER: 22.042s [INFO] station: Set up station  (1069).&#xD;
SERVER: 54.378s [INFO] station: Set up station  (12511).&#xD;
SERVER: 60.369s [INFO] station: Set up station  (15288).&#xD;
SERVER: 60.987s [INFO] station: Set up station  (15511).&#xD;
SERVER: 65.670s [INFO] station: Set up station  (17520).&#xD;
DisposeAsync: Dirty return of pair 1 started&#xD;
DisposeAsync: Test gave back pair 1 in 59169,2779 ms&#xD;
DisposeAsync: Disposed pair 1 in 0,324 ms</StdOut>
        <ErrorInfo>
          <Message>Prototype GoobYautjaHuntingPouch gains a component on spawn: ContainerContainer</Message>
          <StackTrace>   at Content.IntegrationTests.Tests.PrototypeSaveTest.&lt;&gt;c__DisplayClass0_0.&lt;UninitializedSaveTest&gt;b__0() in D:\X-тп\Goob-Station\Content.IntegrationTests\Tests\PrototypeSaveTest.cs:line 85&#xD;
   at Robust.UnitTesting.RobustIntegrationTest.IntegrationGameLoop.SingleThreadRunUntilEmpty() in D:\X-тп\Goob-Station\RobustToolbox\Robust.UnitTesting\RobustIntegrationTest.cs:line 1183&#xD;
--- End of stack trace from previous location ---&#xD;
   at Robust.UnitTesting.RobustIntegrationTest.IntegrationInstance.WaitIdleImplAsync(Boolean throwOnUnhandled, CancellationToken cancellationToken) in D:\X-тп\Goob-Station\RobustToolbox\Robust.UnitTesting\RobustIntegrationTest.cs:line 499&#xD;
   at Robust.UnitTesting.RobustIntegrationTest.IntegrationInstance.WaitAssertion(Action assertion) in D:\X-тп\Goob-Station\RobustToolbox\Robust.UnitTesting\RobustIntegrationTest.cs:line 610&#xD;
   at Content.IntegrationTests.Tests.PrototypeSaveTest.UninitializedSaveTest() in D:\X-тп\Goob-Station\Content.IntegrationTests\Tests\PrototypeSaveTest.cs:line 80&#xD;
   at Content.IntegrationTests.Tests.PrototypeSaveTest.UninitializedSaveTest() in D:\X-тп\Goob-Station\Content.IntegrationTests\Tests\PrototypeSaveTest.cs:line 161&#xD;
   at NUnit.Framework.Internal.TaskAwaitAdapter.GenericAdapter`1.BlockUntilCompleted()&#xD;
   at NUnit.Framework.Internal.MessagePumpStrategy.NoMessagePumpStrategy.WaitForCompletion(AwaitAdapter awaiter)&#xD;
   at NUnit.Framework.Internal.AsyncToSyncAdapter.Await[TResult](TestExecutionContext context, Func`1 invoke)&#xD;
   at NUnit.Framework.Internal.AsyncToSyncAdapter.Await(TestExecutionContext context, Func`1 invoke)&#xD;
   at NUnit.Framework.Internal.Commands.TestMethodCommand.RunTestMethod(TestExecutionContext context)&#xD;
   at NUnit.Framework.Internal.Commands.TestMethodCommand.Execute(TestExecutionContext context)&#xD;
   at NUnit.Framework.Internal.Execution.SimpleWorkItem.&lt;&gt;c__DisplayClass3_0.&lt;PerformWork&gt;b__0()&#xD;
   at NUnit.Framework.Internal.ContextUtils.&lt;&gt;c__DisplayClass1_0`1.&lt;DoIsolated&gt;b__0(Object _)&#xD;

1)    at Content.IntegrationTests.Tests.PrototypeSaveTest.&lt;&gt;c__DisplayClass0_1.&lt;UninitializedSaveTest&gt;b__1() in D:\X-тп\Goob-Station\Content.IntegrationTests\Tests\PrototypeSaveTest.cs:line 146&#xD;
   at NUnit.Framework.Assert.Multiple(TestDelegate testDelegate)&#xD;
   at Content.IntegrationTests.Tests.PrototypeSaveTest.&lt;&gt;c__DisplayClass0_0.&lt;UninitializedSaveTest&gt;b__0() in D:\X-тп\Goob-Station\Content.IntegrationTests\Tests\PrototypeSaveTest.cs:line 85&#xD;
   at Robust.UnitTesting.RobustIntegrationTest.IntegrationGameLoop.SingleThreadRunUntilEmpty() in D:\X-тп\Goob-Station\RobustToolbox\Robust.UnitTesting\RobustIntegrationTest.cs:line 1183&#xD;
   at Robust.UnitTesting.RobustIntegrationTest.IntegrationGameLoop.Run() in D:\X-тп\Goob-Station\RobustToolbox\Robust.UnitTesting\RobustIntegrationTest.cs:line 1140&#xD;
   at Robust.UnitTesting.RobustIntegrationTest.ServerIntegrationInstance._serverMain() in D:\X-тп\Goob-Station\RobustToolbox\Robust.UnitTesting\RobustIntegrationTest.cs:line 690&#xD;
   at System.Threading.Thread.StartHelper.Callback(Object state)&#xD;

2)    at Robust.UnitTesting.Pool.TestPair`2.OnDirtyDispose() in D:\X-тп\Goob-Station\RobustToolbox\Robust.UnitTesting\Pool\TestPair.Recycle.cs:line 28&#xD;
   at System.Runtime.CompilerServices.AsyncMethodBuilderCore.Start[TStateMachine](TStateMachine&amp; stateMachine)&#xD;
   at Robust.UnitTesting.Pool.TestPair`2.OnDirtyDispose()&#xD;
   at Robust.UnitTesting.Pool.TestPair`2.DisposeAsync() in D:\X-тп\Goob-Station\RobustToolbox\Robust.UnitTesting\Pool\TestPair.Recycle.cs:line 108&#xD;
   at System.Runtime.CompilerServices.AsyncMethodBuilderCore.Start[TStateMachine](TStateMachine&amp; stateMachine)&#xD;
   at Robust.UnitTesting.Pool.TestPair`2.DisposeAsync()&#xD;
   at Content.IntegrationTests.Tests.PrototypeSaveTest.UninitializedSaveTest() in D:\X-тп\Goob-Station\Content.IntegrationTests\Tests\PrototypeSaveTest.cs:line 161&#xD;
   at System.Runtime.CompilerServices.AsyncTaskMethodBuilder`1.AsyncStateMachineBox`1.ExecutionContextCallback(Object s)&#xD;

</StackTrace>
        </ErrorInfo>
      </Output>
    </UnitTestResult>
  </Results>
  <TestDefinitions>
    <UnitTest name="UninitializedSaveTest" storage="d:\x-тп\goob-station\bin\content.integrationtests\content.integrationtests.dll" id="41ffc86c-901a-4a7a-8c1d-af09a9ba3ead">
      <Execution id="1ee3db59-7d6f-4d12-b5db-157781717278" />
      <TestMethod codeBase="D:\X-тп\Goob-Station\bin\Content.IntegrationTests\Content.IntegrationTests.dll" adapterTypeName="executor://nunit3testexecutor/" className="Content.IntegrationTests.Tests.PrototypeSaveTest" name="UninitializedSaveTest" />
    </UnitTest>
  </TestDefinitions>
  <TestEntries>
    <TestEntry testId="41ffc86c-901a-4a7a-8c1d-af09a9ba3ead" executionId="1ee3db59-7d6f-4d12-b5db-157781717278" testListId="8c84fa94-04c1-424b-9868-57a2d4851a1d" />
  </TestEntries>
  <TestLists>
    <TestList name="Results Not in a List" id="8c84fa94-04c1-424b-9868-57a2d4851a1d" />
    <TestList name="All Loaded Results" id="19431567-8539-422a-85d7-44ee4e166bda" />
  </TestLists>
  <ResultSummary outcome="Failed">
    <Counters total="1" executed="1" passed="0" failed="1" error="0" timeout="0" aborted="0" inconclusive="0" passedButRunAborted="0" notRunnable="0" notExecuted="0" disconnected="0" warning="0" completed="0" inProgress="0" pending="0" />
    <Output>
      <StdOut>NUnit Adapter 5.2.0.0: Test execution started&#xD;
Running selected tests in D:\X-тп\Goob-Station\bin\Content.IntegrationTests\Content.IntegrationTests.dll&#xD;
   NUnit3TestExecutor discovered 1 of 1 NUnit test cases using Current Discovery mode, Non-Explicit run&#xD;
GetPair: Called by test PrototypeSaveTest.UninitializedSaveTest&#xD;
GetPair: Looking in pool for a suitable pair&#xD;
GetPair: Creating a new pair, no suitable pair found in pool&#xD;
CLIENT: 1,977s [DEBG] root: OS: Microsoft Windows 10.0.26100 X64&#xD;
CLIENT: 1,980s [DEBG] root: .NET Runtime: .NET 10.0.8 win-x64&#xD;
CLIENT: 1,981s [DEBG] root: Server GC: False&#xD;
CLIENT: 1,981s [DEBG] root: Processor: 16x AMD Ryzen 7 5700U with Radeon Graphics&#xD;
CLIENT: 1,981s [DEBG] root: Available Memory: 14,91 GiB&#xD;
CLIENT: 1,981s [DEBG] root: Architecture: X64&#xD;
CLIENT: 1,981s [DEBG] root: Robust Version: 270.1.0.0&#xD;
CLIENT: 1,981s [DEBG] root: Compile Options: DEVELOPMENT;TOOLS;DEBUG;CLIENT_SCRIPTING&#xD;
CLIENT: 1,981s [DEBG] root: Intrinsics: X86Aes;Avx;Avx2;Bmi1;Bmi2;Fma;Lzcnt;Pclmulqdq;Popcnt;Sse;Sse2;Sse3;Ssse3;Sse41;Sse42;X86Base&#xD;
CLIENT: 6,672s [DEBG] serialization: Skipping registering data definition for type Content.Goobstation.Shared.Blob.BlobTypedStorage`1[T] since it is abstract or an interface&#xD;
CLIENT: 6,691s [DEBG] serialization: Skipping registering data definition for type Content.Goobstation.Shared.Devil.BaseDevilContractEvent since it is abstract or an interface&#xD;
CLIENT: 6,718s [DEBG] serialization: Skipping registering data definition for type Content.Goobstation.Shared.Blob.BlobChemTypedStorage`1[T] since it is abstract or an interface&#xD;
CLIENT: 25.721s [DEBG] res.preload: Skipping texture preloading due to CVar value.&#xD;
CLIENT: 25.950s [INFO] szr: Serializer Types Hash: 95E749D8D96A30F2AD2A5B73BE2BD11BDEAFBBD97A3758F6BB0151A88879EE55&#xD;
CLIENT: 26.199s [WARN] proto: Registering an ignored prototype Content.Shared.Maps.GameMapPrototype&#xD;
CLIENT: 505.424s [INFO] client: Tickrate changed to: 30 on tick 1&#xD;
CLIENT: 505.426s [INFO] client: Tickrate changed to: 1 on tick 1&#xD;
CLIENT: 505.429s [DEBG] client: Runlevel changed to: Initialize&#xD;
CLIENT: 506.347s [DEBG] style: Initializing Stylesheets...&#xD;
CLIENT: 507.628s [DEBG] style: Initialized 765 style rules in 00:00:01.2800456&#xD;
CLIENT: 507.662s [DEBG] root: Switching to state Content.Client.MainMenu.MainScreen&#xD;
CLIENT: 507.688s [INFO] voiceclient: VoiceChatClientManager initialized with volume: 5, hear_self: False&#xD;
CLIENT: 507.689s [DEBG] voiceclient: Voice chat volume changed to 5&#xD;
CLIENT: 507.690s [DEBG] voiceclient: Voice chat hear_self changed to False&#xD;
CLIENT: 507.690s [INFO] voiceclient: VoiceChatClientManager initialized&#xD;
CLIENT: 512.481s [DEBG] clyde: Tile atlas took 00:00:04.7843803 to build&#xD;
SERVER: 513,956s [INFO] srv: Timescale changed to: 1 on tick 1&#xD;
SERVER: 513,957s [INFO] srv: Name: MyServer&#xD;
SERVER: 513,958s [INFO] srv: TickRate: 30(33,33ms)&#xD;
SERVER: 513,958s [INFO] srv: Max players: 256&#xD;
SERVER: 514,399s [INFO] szr: Serializer Types Hash: 95E749D8D96A30F2AD2A5B73BE2BD11BDEAFBBD97A3758F6BB0151A88879EE55&#xD;
SERVER: 514,683s [INFO] configpreset: Loaded config preset: "/ConfigPresets/Build/debug.toml"&#xD;
SERVER: 519.892s [WARN] db.ef: The migration operation 'PRAGMA foreign_keys = 0;&#xD;
' from migration 'AdminLogs' cannot be executed in a transaction. If the app is terminated or an unrecoverable error occurs while this operation is being executed then the migration will be left in a partially applied state and would need to be reverted manually before it can be applied again. Create a separate migration that contains just this operation.&#xD;
SERVER: 520.026s [WARN] db.ef: The migration operation 'PRAGMA foreign_keys = 0;&#xD;
' from migration 'Cleanup' cannot be executed in a transaction. If the app is terminated or an unrecoverable error occurs while this operation is being executed then the migration will be left in a partially applied state and would need to be reverted manually before it can be applied again. Create a separate migration that contains just this operation.&#xD;
SERVER: 520.083s [WARN] db.ef: The migration operation 'PRAGMA foreign_keys = 0;&#xD;
' from migration 'ServerNameFts' cannot be executed in a transaction. If the app is terminated or an unrecoverable error occurs while this operation is being executed then the migration will be left in a partially applied state and would need to be reverted manually before it can be applied again. Create a separate migration that contains just this operation.&#xD;
SERVER: 520.188s [WARN] db.ef: The migration operation 'PRAGMA foreign_keys = 0;&#xD;
' from migration 'MarkingsJsonb' cannot be executed in a transaction. If the app is terminated or an unrecoverable error occurs while this operation is being executed then the migration will be left in a partially applied state and would need to be reverted manually before it can be applied again. Create a separate migration that contains just this operation.&#xD;
SERVER: 520.373s [WARN] db.ef: An operation of type 'UpdateDataOperation' will be attempted while a rebuild of table 'admin_notes' is pending. The database may not be in an expected state. Review the SQL generated by this migration to help diagnose any failures. Consider moving these operations to a subsequent migration.&#xD;
SERVER: 520.385s [WARN] db.ef: The migration operation 'PRAGMA foreign_keys = 0;&#xD;
' from migration 'AdminNotesImprovement' cannot be executed in a transaction. If the app is terminated or an unrecoverable error occurs while this operation is being executed then the migration will be left in a partially applied state and would need to be reverted manually before it can be applied again. Create a separate migration that contains just this operation.&#xD;
SERVER: 520.449s [WARN] db.ef: The migration operation 'PRAGMA foreign_keys = 0;&#xD;
' from migration 'AdminNotesImprovementsForeignKeys' cannot be executed in a transaction. If the app is terminated or an unrecoverable error occurs while this operation is being executed then the migration will be left in a partially applied state and would need to be reverted manually before it can be applied again. Create a separate migration that contains just this operation.&#xD;
SERVER: 520.616s [WARN] db.ef: The migration operation 'PRAGMA foreign_keys = 0;&#xD;
' from migration 'ConnectionLogServer' cannot be executed in a transaction. If the app is terminated or an unrecoverable error occurs while this operation is being executed then the migration will be left in a partially applied state and would need to be reverted manually before it can be applied again. Create a separate migration that contains just this operation.&#xD;
SERVER: 520.667s [WARN] db.ef: The migration operation 'PRAGMA foreign_keys = 0;&#xD;
' from migration 'AdminLogPk' cannot be executed in a transaction. If the app is terminated or an unrecoverable error occurs while this operation is being executed then the migration will be left in a partially applied state and would need to be reverted manually before it can be applied again. Create a separate migration that contains just this operation.&#xD;
SERVER: 520.800s [WARN] db.ef: The migration operation 'PRAGMA foreign_keys = 0;&#xD;
' from migration 'ClothingRemoval' cannot be executed in a transaction. If the app is terminated or an unrecoverable error occurs while this operation is being executed then the migration will be left in a partially applied state and would need to be reverted manually before it can be applied again. Create a separate migration that contains just this operation.&#xD;
SERVER: 520.850s [WARN] db.ef: The migration operation 'PRAGMA foreign_keys = 0;&#xD;
' from migration 'AdminMessageDismiss' cannot be executed in a transaction. If the app is terminated or an unrecoverable error occurs while this operation is being executed then the migration will be left in a partially applied state and would need to be reverted manually before it can be applied again. Create a separate migration that contains just this operation.&#xD;
SERVER: 522.127s [WARN] db.ef: The migration operation 'PRAGMA foreign_keys = 0;&#xD;
' from migration 'TestFixMigration' cannot be executed in a transaction. If the app is terminated or an unrecoverable error occurs while this operation is being executed then the migration will be left in a partially applied state and would need to be reverted manually before it can be applied again. Create a separate migration that contains just this operation.&#xD;
SERVER: 523.065s [WARN] db.ef: The migration operation 'PRAGMA foreign_keys = 0;&#xD;
' from migration 'BanRefactor' cannot be executed in a transaction. If the app is terminated or an unrecoverable error occurs while this operation is being executed then the migration will be left in a partially applied state and would need to be reverted manually before it can be applied again. Create a separate migration that contains just this operation.&#xD;
SERVER: 523.810s [INFO] voiceserver: VoiceChatServerManager initialized&#xD;
SERVER: 585.280s [WARN] loc: Unknown messageId ("uk-UA"): "shadowkin-power-max"&#xD;
SERVER: 585.281s [WARN] loc: Unknown messageId ("uk-UA"): "shadowkin-power-great"&#xD;
SERVER: 585.281s [WARN] loc: Unknown messageId ("uk-UA"): "shadowkin-power-good"&#xD;
SERVER: 585.281s [WARN] loc: Unknown messageId ("uk-UA"): "shadowkin-power-okay"&#xD;
SERVER: 585.281s [WARN] loc: Unknown messageId ("uk-UA"): "shadowkin-power-tired"&#xD;
SERVER: 585.281s [WARN] loc: Unknown messageId ("uk-UA"): "shadowkin-power-min"&#xD;
SERVER: 588.486s [WARN] loc: Unknown messageId ("uk-UA"): "drowsiness"&#xD;
SERVER: 588.491s [WARN] loc: Unknown messageId ("uk-UA"): "owoaccent"&#xD;
SERVER: 588.504s [WARN] loc: Unknown messageId ("uk-UA"): "hallucinations"&#xD;
SERVER: 588.508s [WARN] loc: Unknown messageId ("uk-UA"): "stunned"&#xD;
SERVER: 588.509s [WARN] loc: Unknown messageId ("uk-UA"): "entity-effect-guidebook-knockdown"&#xD;
SERVER: 588.512s [WARN] loc: Unknown messageId ("uk-UA"): "drowsiness"&#xD;
SERVER: 588.512s [WARN] loc: Unknown messageId ("uk-UA"): "hallucinations"&#xD;
SERVER: 588.529s [WARN] loc: Unknown messageId ("uk-UA"): "ехо відьми"&#xD;
SERVER: 588.529s [WARN] loc: Unknown messageId ("uk-UA"): "drowsiness"&#xD;
SERVER: 588.529s [WARN] loc: Unknown messageId ("uk-UA"): "hallucinations"&#xD;
SERVER: 588.530s [WARN] loc: Unknown messageId ("uk-UA"): "drowsiness"&#xD;
SERVER: 588.543s [WARN] loc: Unknown messageId ("uk-UA"): "1.5x max stamina"&#xD;
SERVER: 588.543s [WARN] loc: Unknown messageId ("uk-UA"): "stunned"&#xD;
SERVER: 588.543s [WARN] loc: Unknown messageId ("uk-UA"): "entity-effect-guidebook-knockdown"&#xD;
SERVER: 588.543s [WARN] loc: Unknown messageId ("uk-UA"): "forced sleep"&#xD;
SERVER: 588.543s [WARN] loc: Unknown messageId ("uk-UA"): "drowsiness"&#xD;
SERVER: 588.550s [WARN] loc: Unknown messageId ("uk-UA"): "entity-effect-status-effect-Dementia"&#xD;
SERVER: 588.558s [WARN] loc: Unknown messageId ("uk-UA"): "drowsiness"&#xD;
SERVER: 588.560s [WARN] loc: Unknown messageId ("uk-UA"): "hallucinations"&#xD;
SERVER: 588.560s [WARN] loc: Unknown messageId ("uk-UA"): "hemorrhage"&#xD;
SERVER: 588.562s [WARN] loc: Unknown messageId ("uk-UA"): "scrambled"&#xD;
SERVER: 588.562s [WARN] loc: Unknown messageId ("uk-UA"): "woozy"&#xD;
SERVER: 588.562s [WARN] loc: Unknown messageId ("uk-UA"): "entity-effect-status-effect-PsionicallyInsulated"&#xD;
SERVER: 588.562s [WARN] loc: Unknown messageId ("uk-UA"): "entity-effect-status-effect-PsionicsDisabled"&#xD;
SERVER: 588.588s [WARN] loc: Unknown messageId ("uk-UA"): "entity-effect-status-effect-Centered"&#xD;
SERVER: 588.590s [WARN] loc: Unknown messageId ("uk-UA"): "hallucinations"&#xD;
SERVER: 588.590s [WARN] loc: Unknown messageId ("uk-UA"): "stunned"&#xD;
SERVER: 588.591s [WARN] loc: Unknown messageId ("uk-UA"): "тінь душі"&#xD;
SERVER: 588.605s [WARN] loc: Unknown messageId ("uk-UA"): "лють"&#xD;
SERVER: 588.606s [WARN] loc: Unknown messageId ("uk-UA"): "hallucinations"&#xD;
SERVER: 588.606s [WARN] loc: Unknown messageId ("uk-UA"): "drowsiness"&#xD;
SERVER: 588.606s [WARN] loc: Unknown messageId ("uk-UA"): "drowsiness"&#xD;
SERVER: 588.607s [WARN] loc: Unknown messageId ("uk-UA"): "thin blood"&#xD;
SERVER: 588.608s [WARN] loc: Unknown messageId ("uk-UA"): "бульбашковий газ"&#xD;
SERVER: 588.619s [WARN] loc: Unknown messageId ("uk-UA"): "entity-effect-status-effect-DemonsBlood"&#xD;
SERVER: 588.620s [WARN] loc: Unknown messageId ("uk-UA"): "каталізатор"&#xD;
SERVER: 588.624s [WARN] loc: Unknown messageId ("uk-UA"): "hallucinations"&#xD;
SERVER: 588.626s [WARN] loc: Unknown messageId ("uk-UA"): "hallucinations"&#xD;
SERVER: 588.634s [WARN] loc: Unknown messageId ("uk-UA"): "hallucinations"&#xD;
SERVER: 588.634s [WARN] loc: Unknown messageId ("uk-UA"): "чорна жовч"&#xD;
SERVER: 588.634s [WARN] loc: Unknown messageId ("uk-UA"): "drowsiness"&#xD;
SERVER: 588.634s [WARN] loc: Unknown messageId ("uk-UA"): "прокльон дзеркала"&#xD;
SERVER: 588.635s [WARN] loc: Unknown messageId ("uk-UA"): "2x max stamina"&#xD;
SERVER: 588.635s [WARN] loc: Unknown messageId ("uk-UA"): "pain numbness"&#xD;
SERVER: 588.635s [WARN] loc: Unknown messageId ("uk-UA"): "drowsiness"&#xD;
SERVER: 588.635s [WARN] loc: Unknown messageId ("uk-UA"): "triclor slowdown"&#xD;
SERVER: 588.635s [WARN] loc: Unknown messageId ("uk-UA"): "слід клоуна"&#xD;
SERVER: 588.636s [WARN] loc: Unknown messageId ("uk-UA"): "drowsiness"&#xD;
SERVER: 588.649s [WARN] loc: Unknown messageId ("uk-UA"): "stunned"&#xD;
SERVER: 588.649s [WARN] loc: Unknown messageId ("uk-UA"): "entity-effect-guidebook-knockdown"&#xD;
SERVER: 588.650s [WARN] loc: Unknown messageId ("uk-UA"): "hallucinations"&#xD;
SERVER: 588.650s [WARN] loc: Unknown messageId ("uk-UA"): "drowsiness"&#xD;
SERVER: 588.651s [WARN] loc: Unknown messageId ("uk-UA"): "stunned"&#xD;
SERVER: 588.651s [WARN] loc: Unknown messageId ("uk-UA"): "еліксир Магнуса"&#xD;
SERVER: 588.652s [WARN] loc: Unknown messageId ("uk-UA"): "скам'яніння"&#xD;
SERVER: 588.652s [WARN] loc: Unknown messageId ("uk-UA"): "закоханість відьми"&#xD;
SERVER: 588.653s [WARN] loc: Unknown messageId ("uk-UA"): "анти-магічний бар'єр"&#xD;
SERVER: 588.653s [WARN] loc: Unknown messageId ("uk-UA"): "hallucinations"&#xD;
SERVER: 588.655s [WARN] loc: Unknown messageId ("uk-UA"): "азотна есенція"&#xD;
SERVER: 588.666s [WARN] loc: Unknown messageId ("uk-UA"): "forced sleep"&#xD;
SERVER: 588.687s [WARN] loc: Unknown messageId ("uk-UA"): "зілля голоду"&#xD;
SERVER: 588.687s [WARN] loc: Unknown messageId ("uk-UA"): "купорос душі"&#xD;
SERVER: 588.687s [WARN] loc: Unknown messageId ("uk-UA"): "entity-effect-status-effect-CorticalBorerProtection"&#xD;
SERVER: 588.690s [WARN] loc: Unknown messageId ("uk-UA"): "невидимість відьми"&#xD;
SERVER: 588.695s [WARN] loc: Unknown messageId ("uk-UA"): "drowsiness"&#xD;
SERVER: 588.697s [WARN] loc: Unknown messageId ("uk-UA"): "entity-effect-status-effect-Vulgarity"&#xD;
SERVER: 588.697s [WARN] loc: Unknown messageId ("uk-UA"): "drowsiness"&#xD;
SERVER: 588.711s [WARN] loc: Unknown messageId ("uk-UA"): "параноя"&#xD;
SERVER: 588.712s [WARN] loc: Unknown messageId ("uk-UA"): "кров'яний зв'язок"&#xD;
SERVER: 588.727s [WARN] loc: Unknown messageId ("uk-UA"): "drowsiness"&#xD;
SERVER: 588.729s [WARN] loc: Unknown messageId ("uk-UA"): "forced sleep"&#xD;
SERVER: 588.729s [WARN] loc: Unknown messageId ("uk-UA"): "hallucinations"&#xD;
SERVER: 588.729s [WARN] loc: Unknown messageId ("uk-UA"): "lotophagoi oil effect"&#xD;
SERVER: 588.729s [WARN] loc: Unknown messageId ("uk-UA"): "drowsiness"&#xD;
SERVER: 588.742s [WARN] loc: Unknown messageId ("uk-UA"): "сік мімічності"&#xD;
SERVER: 588.744s [WARN] loc: Unknown messageId ("uk-UA"): "drowsiness"&#xD;
SERVER: 588.746s [WARN] loc: Unknown messageId ("uk-UA"): "туман розуму"&#xD;
SERVER: 588.747s [WARN] loc: Unknown messageId ("uk-UA"): "drowsiness"&#xD;
SERVER: 588.761s [WARN] loc: Unknown messageId ("uk-UA"): "drowsiness"&#xD;
SERVER: 588.764s [WARN] loc: Unknown messageId ("uk-UA"): "forced sleep"&#xD;
SERVER: 588.773s [WARN] loc: Unknown messageId ("uk-UA"): "barkaccent"&#xD;
SERVER: 588.774s [WARN] loc: Unknown messageId ("uk-UA"): "stunned"&#xD;
SERVER: 588.774s [WARN] loc: Unknown messageId ("uk-UA"): "entity-effect-status-effect-StaminaModifierStatusEffect"&#xD;
SERVER: 588.775s [WARN] loc: Unknown messageId ("uk-UA"): "hallucinations"&#xD;
SERVER: 588.775s [WARN] loc: Unknown messageId ("uk-UA"): "drunk"&#xD;
SERVER: 588.777s [WARN] loc: Unknown messageId ("uk-UA"): "entity-effect-status-effect-DemonsKiss"&#xD;
SERVER: 588.777s [WARN] loc: Unknown messageId ("uk-UA"): "drunk"&#xD;
SERVER: 588.790s [WARN] loc: Unknown messageId ("uk-UA"): "прокльон імені"&#xD;
SERVER: 588.792s [WARN] loc: Unknown messageId ("uk-UA"): "stunned"&#xD;
SERVER: 588.793s [WARN] loc: Unknown messageId ("uk-UA"): "hallucinations"&#xD;
SERVER: 588.796s [WARN] loc: Unknown messageId ("uk-UA"): "stunned"&#xD;
SERVER: 588.796s [WARN] loc: Unknown messageId ("uk-UA"): "entity-effect-guidebook-knockdown"&#xD;
SERVER: 588.796s [WARN] loc: Unknown messageId ("uk-UA"): "drowsiness"&#xD;
[...]
SERVER: 590.726s [WARN] loc: Unknown messageId ("uk-UA"): "hallucinations"&#xD;
SERVER: 590.728s [WARN] loc: Unknown messageId ("uk-UA"): "ехо відьми"&#xD;
SERVER: 590.728s [WARN] loc: Unknown messageId ("uk-UA"): "drowsiness"&#xD;
SERVER: 590.729s [WARN] loc: Unknown messageId ("uk-UA"): "hallucinations"&#xD;
SERVER: 590.729s [WARN] loc: Unknown messageId ("uk-UA"): "drowsiness"&#xD;
SERVER: 590.731s [WARN] loc: Unknown messageId ("uk-UA"): "1.5x max stamina"&#xD;
SERVER: 590.731s [WARN] loc: Unknown messageId ("uk-UA"): "stunned"&#xD;
SERVER: 590.731s [WARN] loc: Unknown messageId ("uk-UA"): "entity-effect-guidebook-knockdown"&#xD;
SERVER: 590.731s [WARN] loc: Unknown messageId ("uk-UA"): "forced sleep"&#xD;
SERVER: 590.731s [WARN] loc: Unknown messageId ("uk-UA"): "drowsiness"&#xD;
SERVER: 590.733s [WARN] loc: Unknown messageId ("uk-UA"): "entity-effect-status-effect-Dementia"&#xD;
SERVER: 590.736s [WARN] loc: Unknown messageId ("uk-UA"): "drowsiness"&#xD;
SERVER: 590.737s [WARN] loc: Unknown messageId ("uk-UA"): "hallucinations"&#xD;
SERVER: 590.738s [WARN] loc: Unknown messageId ("uk-UA"): "hemorrhage"&#xD;
SERVER: 590.738s [WARN] loc: Unknown messageId ("uk-UA"): "scrambled"&#xD;
SERVER: 590.738s [WARN] loc: Unknown messageId ("uk-UA"): "woozy"&#xD;
SERVER: 590.738s [WARN] loc: Unknown messageId ("uk-UA"): "entity-effect-status-effect-PsionicallyInsulated"&#xD;
SERVER: 590.738s [WARN] loc: Unknown messageId ("uk-UA"): "entity-effect-status-effect-PsionicsDisabled"&#xD;
SERVER: 590.739s [WARN] loc: Unknown messageId ("uk-UA"): "entity-effect-status-effect-Centered"&#xD;
SERVER: 590.739s [WARN] loc: Unknown messageId ("uk-UA"): "hallucinations"&#xD;
SERVER: 590.740s [WARN] loc: Unknown messageId ("uk-UA"): "stunned"&#xD;
SERVER: 590.740s [WARN] loc: Unknown messageId ("uk-UA"): "тінь душі"&#xD;
SERVER: 590.743s [WARN] loc: Unknown messageId ("uk-UA"): "лють"&#xD;
SERVER: 590.744s [WARN] loc: Unknown messageId ("uk-UA"): "hallucinations"&#xD;
SERVER: 590.744s [WARN] loc: Unknown messageId ("uk-UA"): "drowsiness"&#xD;
SERVER: 590.745s [WARN] loc: Unknown messageId ("uk-UA"): "drowsiness"&#xD;
SERVER: 590.745s [WARN] loc: Unknown messageId ("uk-UA"): "thin blood"&#xD;
SERVER: 590.746s [WARN] loc: Unknown messageId ("uk-UA"): "бульбашковий газ"&#xD;
SERVER: 590.746s [WARN] loc: Unknown messageId ("uk-UA"): "entity-effect-status-effect-DemonsBlood"&#xD;
SERVER: 590.746s [WARN] loc: Unknown messageId ("uk-UA"): "каталізатор"&#xD;
SERVER: 590.749s [WARN] loc: Unknown messageId ("uk-UA"): "hallucinations"&#xD;
SERVER: 590.750s [WARN] loc: Unknown messageId ("uk-UA"): "hallucinations"&#xD;
SERVER: 590.750s [WARN] loc: Unknown messageId ("uk-UA"): "hallucinations"&#xD;
SERVER: 590.750s [WARN] loc: Unknown messageId ("uk-UA"): "чорна жовч"&#xD;
SERVER: 590.751s [WARN] loc: Unknown messageId ("uk-UA"): "drowsiness"&#xD;
SERVER: 590.751s [WARN] loc: Unknown messageId ("uk-UA"): "прокльон дзеркала"&#xD;
SERVER: 590.751s [WARN] loc: Unknown messageId ("uk-UA"): "2x max stamina"&#xD;
SERVER: 590.751s [WARN] loc: Unknown messageId ("uk-UA"): "pain numbness"&#xD;
SERVER: 590.751s [WARN] loc: Unknown messageId ("uk-UA"): "drowsiness"&#xD;
SERVER: 590.752s [WARN] loc: Unknown messageId ("uk-UA"): "triclor slowdown"&#xD;
SERVER: 590.752s [WARN] loc: Unknown messageId ("uk-UA"): "слід клоуна"&#xD;
SERVER: 590.752s [WARN] loc: Unknown messageId ("uk-UA"): "drowsiness"&#xD;
SERVER: 590.754s [WARN] loc: Unknown messageId ("uk-UA"): "stunned"&#xD;
SERVER: 590.754s [WARN] loc: Unknown messageId ("uk-UA"): "entity-effect-guidebook-knockdown"&#xD;
SERVER: 590.754s [WARN] loc: Unknown messageId ("uk-UA"): "hallucinations"&#xD;
SERVER: 590.754s [WARN] loc: Unknown messageId ("uk-UA"): "drowsiness"&#xD;
SERVER: 590.754s [WARN] loc: Unknown messageId ("uk-UA"): "stunned"&#xD;
SERVER: 590.755s [WARN] loc: Unknown messageId ("uk-UA"): "еліксир Магнуса"&#xD;
SERVER: 590.755s [WARN] loc: Unknown messageId ("uk-UA"): "скам'яніння"&#xD;
SERVER: 590.756s [WARN] loc: Unknown messageId ("uk-UA"): "закоханість відьми"&#xD;
SERVER: 590.757s [WARN] loc: Unknown messageId ("uk-UA"): "анти-магічний бар'єр"&#xD;
SERVER: 590.758s [WARN] loc: Unknown messageId ("uk-UA"): "hallucinations"&#xD;
SERVER: 590.758s [WARN] loc: Unknown messageId ("uk-UA"): "азотна есенція"&#xD;
SERVER: 590.759s [WARN] loc: Unknown messageId ("uk-UA"): "forced sleep"&#xD;
SERVER: 590.760s [WARN] loc: Unknown messageId ("uk-UA"): "зілля голоду"&#xD;
SERVER: 590.760s [WARN] loc: Unknown messageId ("uk-UA"): "купорос душі"&#xD;
SERVER: 590.760s [WARN] loc: Unknown messageId ("uk-UA"): "entity-effect-status-effect-CorticalBorerProtection"&#xD;
SERVER: 590.762s [WARN] loc: Unknown messageId ("uk-UA"): "невидимість відьми"&#xD;
SERVER: 590.762s [WARN] loc: Unknown messageId ("uk-UA"): "drowsiness"&#xD;
SERVER: 590.763s [WARN] loc: Unknown messageId ("uk-UA"): "entity-effect-status-effect-Vulgarity"&#xD;
SERVER: 590.763s [WARN] loc: Unknown messageId ("uk-UA"): "drowsiness"&#xD;
SERVER: 590.765s [WARN] loc: Unknown messageId ("uk-UA"): "параноя"&#xD;
SERVER: 590.766s [WARN] loc: Unknown messageId ("uk-UA"): "кров'яний зв'язок"&#xD;
SERVER: 590.769s [WARN] loc: Unknown messageId ("uk-UA"): "drowsiness"&#xD;
SERVER: 590.770s [WARN] loc: Unknown messageId ("uk-UA"): "forced sleep"&#xD;
SERVER: 590.770s [WARN] loc: Unknown messageId ("uk-UA"): "hallucinations"&#xD;
SERVER: 590.770s [WARN] loc: Unknown messageId ("uk-UA"): "lotophagoi oil effect"&#xD;
SERVER: 590.770s [WARN] loc: Unknown messageId ("uk-UA"): "drowsiness"&#xD;
SERVER: 590.771s [WARN] loc: Unknown messageId ("uk-UA"): "сік мімічності"&#xD;
SERVER: 590.773s [WARN] loc: Unknown messageId ("uk-UA"): "drowsiness"&#xD;
SERVER: 590.773s [WARN] loc: Unknown messageId ("uk-UA"): "туман розуму"&#xD;
SERVER: 590.774s [WARN] loc: Unknown messageId ("uk-UA"): "drowsiness"&#xD;
SERVER: 590.776s [WARN] loc: Unknown messageId ("uk-UA"): "drowsiness"&#xD;
SERVER: 590.778s [WARN] loc: Unknown messageId ("uk-UA"): "forced sleep"&#xD;
SERVER: 590.778s [WARN] loc: Unknown messageId ("uk-UA"): "barkaccent"&#xD;
SERVER: 590.779s [WARN] loc: Unknown messageId ("uk-UA"): "stunned"&#xD;
SERVER: 590.779s [WARN] loc: Unknown messageId ("uk-UA"): "entity-effect-status-effect-StaminaModifierStatusEffect"&#xD;
SERVER: 590.779s [WARN] loc: Unknown messageId ("uk-UA"): "hallucinations"&#xD;
SERVER: 590.779s [WARN] loc: Unknown messageId ("uk-UA"): "drunk"&#xD;
SERVER: 590.780s [WARN] loc: Unknown messageId ("uk-UA"): "entity-effect-status-effect-DemonsKiss"&#xD;
SERVER: 590.781s [WARN] loc: Unknown messageId ("uk-UA"): "drunk"&#xD;
SERVER: 590.782s [WARN] loc: Unknown messageId ("uk-UA"): "прокльон імені"&#xD;
SERVER: 590.782s [WARN] loc: Unknown messageId ("uk-UA"): "stunned"&#xD;
SERVER: 590.782s [WARN] loc: Unknown messageId ("uk-UA"): "hallucinations"&#xD;
SERVER: 590.785s [WARN] loc: Unknown messageId ("uk-UA"): "stunned"&#xD;
SERVER: 590.785s [WARN] loc: Unknown messageId ("uk-UA"): "entity-effect-guidebook-knockdown"&#xD;
SERVER: 590.785s [WARN] loc: Unknown messageId ("uk-UA"): "drowsiness"&#xD;
SERVER: 590.787s [WARN] loc: Unknown messageId ("uk-UA"): "drowsiness"&#xD;
SERVER: 590.788s [WARN] loc: Unknown messageId ("uk-UA"): "hallucinations"&#xD;
SERVER: 590.788s [WARN] loc: Unknown messageId ("uk-UA"): "зілля гравітації"&#xD;
SERVER: 590.789s [WARN] loc: Unknown messageId ("uk-UA"): "burning immunity"&#xD;
SERVER: 590.789s [WARN] loc: Unknown messageId ("uk-UA"): "ash storm immunity"&#xD;
SERVER: 590.791s [WARN] loc: Unknown messageId ("uk-UA"): "scrambled"&#xD;
SERVER: 590.791s [WARN] loc: Unknown messageId ("uk-UA"): "stunned"&#xD;
SERVER: 590.792s [WARN] loc: Unknown messageId ("uk-UA"): "forced sleep"&#xD;
SERVER: 590.792s [WARN] loc: Unknown messageId ("uk-UA"): "drowsiness"&#xD;
SERVER: 590.792s [WARN] loc: Unknown messageId ("uk-UA"): "drowsiness"&#xD;
SERVER: 590.793s [WARN] loc: Unknown messageId ("uk-UA"): "hallucinations"&#xD;
SERVER: 590.793s [WARN] loc: Unknown messageId ("uk-UA"): "заміщення"&#xD;
SERVER: 590.795s [WARN] loc: Unknown messageId ("uk-UA"): "drowsiness"&#xD;
SERVER: 590.795s [WARN] loc: Unknown messageId ("uk-UA"): "drowsiness"&#xD;
SERVER: 590.797s [WARN] loc: Unknown messageId ("uk-UA"): "hallucinations"&#xD;
SERVER: 590.798s [WARN] loc: Unknown messageId ("uk-UA"): "drowsiness"&#xD;
SERVER: 590.799s [WARN] loc: Unknown messageId ("uk-UA"): "owoaccent"&#xD;
SERVER: 590.799s [WARN] loc: Unknown messageId ("uk-UA"): "hallucinations"&#xD;
SERVER: 590.800s [WARN] loc: Unknown messageId ("uk-UA"): "stunned"&#xD;
SERVER: 590.800s [WARN] loc: Unknown messageId ("uk-UA"): "entity-effect-guidebook-knockdown"&#xD;
SERVER: 590.802s [WARN] loc: Unknown messageId ("uk-UA"): "drowsiness"&#xD;
SERVER: 590.802s [WARN] loc: Unknown messageId ("uk-UA"): "hallucinations"&#xD;
SERVER: 590.803s [WARN] loc: Unknown messageId ("uk-UA"): "ехо відьми"&#xD;
SERVER: 590.804s [WARN] loc: Unknown messageId ("uk-UA"): "drowsiness"&#xD;
SERVER: 590.804s [WARN] loc: Unknown messageId ("uk-UA"): "hallucinations"&#xD;
SERVER: 590.804s [WARN] loc: Unknown messageId ("uk-UA"): "drowsiness"&#xD;
SERVER: 590.806s [WARN] loc: Unknown messageId ("uk-UA"): "1.5x max stamina"&#xD;
SERVER: 590.806s [WARN] loc: Unknown messageId ("uk-UA"): "stunned"&#xD;
SERVER: 590.806s [WARN] loc: Unknown messageId ("uk-UA"): "entity-effect-guidebook-knockdown"&#xD;
SERVER: 590.806s [WARN] loc: Unknown messageId ("uk-UA"): "forced sleep"&#xD;
SERVER: 590.806s [WARN] loc: Unknown messageId ("uk-UA"): "drowsiness"&#xD;
SERVER: 590.813s [WARN] loc: Unknown messageId ("uk-UA"): "entity-effect-status-effect-Dementia"&#xD;
SERVER: 590.814s [WARN] loc: Unknown messageId ("uk-UA"): "drowsiness"&#xD;
SERVER: 590.816s [WARN] loc: Unknown messageId ("uk-UA"): "hallucinations"&#xD;
SERVER: 590.816s [WARN] loc: Unknown messageId ("uk-UA"): "hemorrhage"&#xD;
SERVER: 590.816s [WARN] loc: Unknown messageId ("uk-UA"): "scrambled"&#xD;
SERVER: 590.816s [WARN] loc: Unknown messageId ("uk-UA"): "woozy"&#xD;
SERVER: 590.816s [WARN] loc: Unknown messageId ("uk-UA"): "entity-effect-status-effect-PsionicallyInsulated"&#xD;
SERVER: 590.816s [WARN] loc: Unknown messageId ("uk-UA"): "entity-effect-status-effect-PsionicsDisabled"&#xD;
SERVER: 590.817s [WARN] loc: Unknown messageId ("uk-UA"): "entity-effect-status-effect-Centered"&#xD;
SERVER: 590.818s [WARN] loc: Unknown messageId ("uk-UA"): "hallucinations"&#xD;
SERVER: 590.818s [WARN] loc: Unknown messageId ("uk-UA"): "stunned"&#xD;
SERVER: 590.819s [WARN] loc: Unknown messageId ("uk-UA"): "тінь душі"&#xD;
SERVER: 590.822s [WARN] loc: Unknown messageId ("uk-UA"): "лють"&#xD;
SERVER: 590.822s [WARN] loc: Unknown messageId ("uk-UA"): "hallucinations"&#xD;
SERVER: 590.822s [WARN] loc: Unknown messageId ("uk-UA"): "drowsiness"&#xD;
SERVER: 590.823s [WARN] loc: Unknown messageId ("uk-UA"): "drowsiness"&#xD;
SERVER: 590.823s [WARN] loc: Unknown messageId ("uk-UA"): "thin blood"&#xD;
SERVER: 590.824s [WARN] loc: Unknown messageId ("uk-UA"): "бульбашковий газ"&#xD;
SERVER: 590.824s [WARN] loc: Unknown messageId ("uk-UA"): "entity-effect-status-effect-DemonsBlood"&#xD;
SERVER: 590.824s [WARN] loc: Unknown messageId ("uk-UA"): "каталізатор"&#xD;
SERVER: 590.825s [WARN] loc: Unknown messageId ("uk-UA"): "hallucinations"&#xD;
SERVER: 590.826s [WARN] loc: Unknown messageId ("uk-UA"): "hallucinations"&#xD;
SERVER: 590.826s [WARN] loc: Unknown messageId ("uk-UA"): "hallucinations"&#xD;
SERVER: 590.829s [WARN] loc: Unknown messageId ("uk-UA"): "чорна жовч"&#xD;
SERVER: 590.829s [WARN] loc: Unknown messageId ("uk-UA"): "drowsiness"&#xD;
SERVER: 590.829s [WARN] loc: Unknown messageId ("uk-UA"): "прокльон дзеркала"&#xD;
SERVER: 590.830s [WARN] loc: Unknown messageId ("uk-UA"): "2x max stamina"&#xD;
SERVER: 590.830s [WARN] loc: Unknown messageId ("uk-UA"): "pain numbness"&#xD;
SERVER: 590.830s [WARN] loc: Unknown messageId ("uk-UA"): "drowsiness"&#xD;
SERVER: 590.830s [WARN] loc: Unknown messageId ("uk-UA"): "triclor slowdown"&#xD;
SERVER: 590.830s [WARN] loc: Unknown messageId ("uk-UA"): "слід клоуна"&#xD;
SERVER: 590.831s [WARN] loc: Unknown messageId ("uk-UA"): "drowsiness"&#xD;
SERVER: 590.832s [WARN] loc: Unknown messageId ("uk-UA"): "stunned"&#xD;
SERVER: 590.832s [WARN] loc: Unknown messageId ("uk-UA"): "entity-effect-guidebook-knockdown"&#xD;
SERVER: 590.832s [WARN] loc: Unknown messageId ("uk-UA"): "hallucinations"&#xD;
SERVER: 590.833s [WARN] loc: Unknown messageId ("uk-UA"): "drowsiness"&#xD;
SERVER: 590.833s [WARN] loc: Unknown messageId ("uk-UA"): "stunned"&#xD;
SERVER: 590.833s [WARN] loc: Unknown messageId ("uk-UA"): "еліксир Магнуса"&#xD;
SERVER: 590.833s [WARN] loc: Unknown messageId ("uk-UA"): "скам'яніння"&#xD;
SERVER: 590.834s [WARN] loc: Unknown messageId ("uk-UA"): "закоханість відьми"&#xD;
SERVER: 590.834s [WARN] loc: Unknown messageId ("uk-UA"): "анти-магічний бар'єр"&#xD;
SERVER: 590.835s [WARN] loc: Unknown messageId ("uk-UA"): "hallucinations"&#xD;
SERVER: 590.835s [WARN] loc: Unknown messageId ("uk-UA"): "азотна есенція"&#xD;
SERVER: 590.837s [WARN] loc: Unknown messageId ("uk-UA"): "forced sleep"&#xD;
SERVER: 590.837s [WARN] loc: Unknown messageId ("uk-UA"): "зілля голоду"&#xD;
SERVER: 590.837s [WARN] loc: Unknown messageId ("uk-UA"): "купорос душі"&#xD;
SERVER: 590.839s [WARN] loc: Unknown messageId ("uk-UA"): "entity-effect-status-effect-CorticalBorerProtection"&#xD;
SERVER: 590.840s [WARN] loc: Unknown messageId ("uk-UA"): "невидимість відьми"&#xD;
SERVER: 590.841s [WARN] loc: Unknown messageId ("uk-UA"): "drowsiness"&#xD;
SERVER: 590.842s [WARN] loc: Unknown messageId ("uk-UA"): "entity-effect-status-effect-Vulgarity"&#xD;
SERVER: 590.842s [WARN] loc: Unknown messageId ("uk-UA"): "drowsiness"&#xD;
SERVER: 590.844s [WARN] loc: Unknown messageId ("uk-UA"): "параноя"&#xD;
SERVER: 590.849s [WARN] loc: Unknown messageId ("uk-UA"): "кров'яний зв'язок"&#xD;
SERVER: 590.852s [WARN] loc: Unknown messageId ("uk-UA"): "drowsiness"&#xD;
SERVER: 590.853s [WARN] loc: Unknown messageId ("uk-UA"): "forced sleep"&#xD;
SERVER: 590.854s [WARN] loc: Unknown messageId ("uk-UA"): "hallucinations"&#xD;
SERVER: 590.854s [WARN] loc: Unknown messageId ("uk-UA"): "lotophagoi oil effect"&#xD;
SERVER: 590.854s [WARN] loc: Unknown messageId ("uk-UA"): "drowsiness"&#xD;
SERVER: 590.855s [WARN] loc: Unknown messageId ("uk-UA"): "сік мімічності"&#xD;
SERVER: 590.858s [WARN] loc: Unknown messageId ("uk-UA"): "drowsiness"&#xD;
SERVER: 590.858s [WARN] loc: Unknown messageId ("uk-UA"): "туман розуму"&#xD;
SERVER: 590.859s [WARN] loc: Unknown messageId ("uk-UA"): "drowsiness"&#xD;
SERVER: 590.862s [WARN] loc: Unknown messageId ("uk-UA"): "drowsiness"&#xD;
SERVER: 590.863s [WARN] loc: Unknown messageId ("uk-UA"): "forced sleep"&#xD;
SERVER: 590.863s [WARN] loc: Unknown messageId ("uk-UA"): "barkaccent"&#xD;
SERVER: 590.866s [WARN] loc: Unknown messageId ("uk-UA"): "stunned"&#xD;
SERVER: 590.866s [WARN] loc: Unknown messageId ("uk-UA"): "entity-effect-status-effect-StaminaModifierStatusEffect"&#xD;
SERVER: 590.867s [WARN] loc: Unknown messageId ("uk-UA"): "hallucinations"&#xD;
SERVER: 590.867s [WARN] loc: Unknown messageId ("uk-UA"): "drunk"&#xD;
SERVER: 590.868s [WARN] loc: Unknown messageId ("uk-UA"): "entity-effect-status-effect-DemonsKiss"&#xD;
SERVER: 590.868s [WARN] loc: Unknown messageId ("uk-UA"): "drunk"&#xD;
SERVER: 590.869s [WARN] loc: Unknown messageId ("uk-UA"): "прокльон імені"&#xD;
SERVER: 590.869s [WARN] loc: Unknown messageId ("uk-UA"): "stunned"&#xD;
SERVER: 590.870s [WARN] loc: Unknown messageId ("uk-UA"): "hallucinations"&#xD;
SERVER: 590.871s [WARN] loc: Unknown messageId ("uk-UA"): "stunned"&#xD;
SERVER: 590.871s [WARN] loc: Unknown messageId ("uk-UA"): "entity-effect-guidebook-knockdown"&#xD;
SERVER: 590.871s [WARN] loc: Unknown messageId ("uk-UA"): "drowsiness"&#xD;
SERVER: 590.873s [WARN] loc: Unknown messageId ("uk-UA"): "drowsiness"&#xD;
SERVER: 590.874s [WARN] loc: Unknown messageId ("uk-UA"): "hallucinations"&#xD;
SERVER: 590.874s [WARN] loc: Unknown messageId ("uk-UA"): "зілля гравітації"&#xD;
SERVER: 590.875s [WARN] loc: Unknown messageId ("uk-UA"): "burning immunity"&#xD;
SERVER: 590.875s [WARN] loc: Unknown messageId ("uk-UA"): "ash storm immunity"&#xD;
SERVER: 590.878s [WARN] loc: Unknown messageId ("uk-UA"): "scrambled"&#xD;
SERVER: 590.879s [WARN] loc: Unknown messageId ("uk-UA"): "stunned"&#xD;
SERVER: 590.879s [WARN] loc: Unknown messageId ("uk-UA"): "forced sleep"&#xD;
SERVER: 590.879s [WARN] loc: Unknown messageId ("uk-UA"): "drowsiness"&#xD;
SERVER: 590.879s [WARN] loc: Unknown messageId ("uk-UA"): "drowsiness"&#xD;
SERVER: 590.880s [WARN] loc: Unknown messageId ("uk-UA"): "hallucinations"&#xD;
SERVER: 590.880s [WARN] loc: Unknown messageId ("uk-UA"): "заміщення"&#xD;
SERVER: 590.882s [WARN] loc: Unknown messageId ("uk-UA"): "drowsiness"&#xD;
SERVER: 590.882s [WARN] loc: Unknown messageId ("uk-UA"): "drowsiness"&#xD;
SERVER: 590.886s [WARN] loc: Unknown messageId ("uk-UA"): "hallucinations"&#xD;
SERVER: 592.702s [INFO] toolshed: Initialized new toolshed context in 00:00:00.2043549&#xD;
SERVER: 592.747s [INFO] discord.link: No Discord token specified, not connecting.&#xD;
SERVER: 592.804s [INFO] cvarcontrol: Registered 37 CVars.&#xD;
SERVER: 0.011s [WARN] cfg: Only clients can change the 'net.interp' cvar.&#xD;
SERVER: 2.119s [INFO] cfg: Robust.UnitTesting.RobustIntegrationTest+IntegrationNetManager+IntegrationNetChannel: Sending server info...&#xD;
CLIENT: 2.826s [INFO] clientplaytime: Current day: 31 Current Date: 2026-07-31&#xD;
CLIENT: 2.828s [INFO] cfg: Sending client info...&#xD;
CLIENT: 2.831s [DEBG] client: Synchronized time base: 1: 00:00:00&#xD;
CLIENT: 2.836s [INFO] client: Tickrate changed to: 30 on tick 1&#xD;
CLIENT: 2.836s [INFO] client: Tickrate changed to: 1 on tick 1&#xD;
CLIENT: 2.840s [INFO] player: Changing local session from null to integration_1.&#xD;
CLIENT: 4.207s [DEBG] admin: Have 33 commands available&#xD;
CLIENT: 4.207s [INFO] admin: Updated admin status: Not admin&#xD;
CLIENT: 4.208s [DEBG] job_requirements: Received role ban info: 0 job ban entries and 0 antag ban entries.&#xD;
CLIENT: 4.245s [DEBG] client: Runlevel changed to: Connected&#xD;
CLIENT: 7.608s [DEBG] admin: Have 411 commands available&#xD;
CLIENT: 7.608s [INFO] admin: Updated admin status: True/Хост/ADMIN|BAN|DEBUG|FUN|PERMISSIONS|SERVER|SPAWN|VAREDIT|MAPPING|LOGS|ROUND|QUERY|ADMINHELP|VIEWNOTES|EDITNOTES|MASSBAN|STEALTH|ADMINCHAT|PII|MODERATOR|ADMINWHO|NAMECOLOR|FULLADMIN|POLLS|HOST&#xD;
CLIENT: 7.617s [INFO] state: Received Full GameState: to=2, sz=46&#xD;
SERVER: 7.656s [WARN] net.ent: Got late MsgEntity! Diff: -1, msgT: 2, cT: 3, player: integration_1, msg: Content.Shared.Guidebook.RequestGuidebookDataEvent&#xD;
CLIENT: 7.681s [INFO] state: Resetting all entity states to tick 2.&#xD;
CLIENT: 7.688s [DEBG] client: Runlevel changed to: InGame&#xD;
SERVER: 7.749s [WARN] net.ent: Got late MsgEntity! Diff: -3, msgT: 2, cT: 5, player: integration_1, msg: Content.Goobstation.Common.ServerCurrency.PlayerBalanceRequestEvent&#xD;
CLIENT: 7.800s [INFO] entity: Flushing entities. Entity count: 0&#xD;
CLIENT: 7.894s [INFO] system.mind: Wiping all minds&#xD;
CLIENT: 8.086s [DEBG] client: Runlevel changed to: Initialize&#xD;
GetPair: Retrieving pair 1 from pool took 601189,2725 ms&#xD;
GetPair: Returning pair 1 with client/server seeds: 377806182/1016113881&#xD;
SERVER: 22.042s [INFO] station: Set up station  (1069).&#xD;
SERVER: 54.378s [INFO] station: Set up station  (12511).&#xD;
SERVER: 60.369s [INFO] station: Set up station  (15288).&#xD;
SERVER: 60.987s [INFO] station: Set up station  (15511).&#xD;
SERVER: 65.670s [INFO] station: Set up station  (17520).&#xD;
DisposeAsync: Dirty return of pair 1 started&#xD;
DisposeAsync: Test gave back pair 1 in 59169,2779 ms&#xD;
DisposeAsync: Disposed pair 1 in 0,324 ms&#xD;
&#xD;
NUnit Adapter 5.2.0.0: Test execution complete&#xD;
</StdOut>
    </Output>
  </ResultSummary>
</TestRun>